#
# There is insufficient memory for the Java Runtime Environment to continue.
# Native memory allocation (malloc) failed to allocate 1641920 bytes for Chunk::new
# Possible reasons:
#   The system is out of physical RAM or swap space
#   The process is running with CompressedOops enabled, and the Java Heap may be blocking the growth of the native heap
# Possible solutions:
#   Reduce memory load on the system
#   Increase physical memory or swap space
#   Check if swap backing store is full
#   Decrease Java heap size (-Xmx/-Xms)
#   Decrease number of Java threads
#   Decrease Java thread stack sizes (-Xss)
#   Set larger code cache with -XX:ReservedCodeCacheSize=
#   JVM is running with Unscaled Compressed Oops mode in which the Java heap is
#     placed in the first 4GB address space. The Java Heap base address is the
#     maximum limit for the native heap growth. Please use -XX:HeapBaseMinAddress
#     to set the Java Heap base and to place the Java Heap above 4GB virtual address.
# This output file may be truncated or incomplete.
#
#  Out of Memory Error (arena.cpp:189), pid=10556, tid=18368
#
# JRE version: OpenJDK Runtime Environment Temurin-17.0.4.1+1 (17.0.4.1+1) (build 17.0.4.1+1)
# Java VM: OpenJDK 64-Bit Server VM Temurin-17.0.4.1+1 (17.0.4.1+1, mixed mode, tiered, compressed oops, compressed class ptrs, g1 gc, windows-amd64)
# No core dump will be written. Minidumps are not enabled by default on client versions of Windows
#

---------------  S U M M A R Y ------------

Command Line: -javaagent:R:\spring-tool-suite-4-4.16.0.RELEASE-e4.25.0-win32.win32.x86_64.self-extracting\sts-4.16.0.RELEASE\configuration\org.eclipse.osgi\588\0\.cp\jacocoagent.jar=includes=*,excludes=,exclclassloader=sun.reflect.DelegatingClassLoader,output=tcpclient,port=58146 -ea -Dfile.encoding=UTF-8 -XX:+ShowCodeDetailsInExceptionMessages org.eclipse.jdt.internal.junit.runner.RemoteTestRunner -version 3 -port 58147 -testLoaderClass org.eclipse.jdt.internal.junit5.runner.JUnit5TestLoader -loaderpluginname org.eclipse.jdt.junit5.runtime -packageNameFile C:\Users\rosha\AppData\Local\Temp\packageNames17686157938955946443.txt

Host: AMD Ryzen 3 3250U with Radeon Graphics         , 4 cores, 3G,  Windows 11 , 64 bit Build 22621 (10.0.22621.746)
Time: Tue Oct 25 16:53:28 2022 India Standard Time elapsed time: 62.094962 seconds (0d 0h 1m 2s)

---------------  T H R E A D  ---------------

Current thread (0x0000015e9e94ee80):  JavaThread "C2 CompilerThread0" daemon [_thread_in_native, id=18368, stack(0x0000003bcdd00000,0x0000003bcde00000)]


Current CompileTask:
C2:  62095 6153   !   4       jdk.internal.loader.BuiltinClassLoader::findClassOnClassPathOrNull (64 bytes)

Stack: [0x0000003bcdd00000,0x0000003bcde00000]
Native frames: (J=compiled Java code, j=interpreted, Vv=VM code, C=native code)
V  [jvm.dll+0x67731a]
V  [jvm.dll+0x832284]
V  [jvm.dll+0x833a2e]
V  [jvm.dll+0x834093]
V  [jvm.dll+0x245775]
V  [jvm.dll+0xabd7b]
V  [jvm.dll+0xac30c]
V  [jvm.dll+0x363a97]
V  [jvm.dll+0x1bbf38]
V  [jvm.dll+0x2187d9]
V  [jvm.dll+0x217aa1]
V  [jvm.dll+0x1a3f8d]
V  [jvm.dll+0x227498]
V  [jvm.dll+0x2255e5]
V  [jvm.dll+0x7e7e9b]
V  [jvm.dll+0x7e240a]
V  [jvm.dll+0x6761a5]
C  [ucrtbase.dll+0x29363]
C  [KERNEL32.DLL+0x1244d]
C  [ntdll.dll+0x5dfb8]


---------------  P R O C E S S  ---------------

Threads class SMR info:
_java_thread_list=0x0000015ea299c3f0, length=15, elements={
0x0000015e85db0ab0, 0x0000015e9e8f9e30, 0x0000015e9e8fca00, 0x0000015e9e914290,
0x0000015e9e916c50, 0x0000015e9e917600, 0x0000015e9e917fb0, 0x0000015e9e94ee80,
0x0000015e9f408810, 0x0000015e9f42b580, 0x0000015e9f4dcec0, 0x0000015e9f7dbba0,
0x0000015ea0baffa0, 0x0000015e9fc3b540, 0x0000015e9f573c30
}

Java Threads: ( => current thread )
  0x0000015e85db0ab0 JavaThread "main" [_thread_in_vm, id=15352, stack(0x0000003bcd000000,0x0000003bcd100000)]
  0x0000015e9e8f9e30 JavaThread "Reference Handler" daemon [_thread_blocked, id=16868, stack(0x0000003bcd700000,0x0000003bcd800000)]
  0x0000015e9e8fca00 JavaThread "Finalizer" daemon [_thread_blocked, id=19140, stack(0x0000003bcd800000,0x0000003bcd900000)]
  0x0000015e9e914290 JavaThread "Signal Dispatcher" daemon [_thread_blocked, id=5532, stack(0x0000003bcd900000,0x0000003bcda00000)]
  0x0000015e9e916c50 JavaThread "Attach Listener" daemon [_thread_blocked, id=9944, stack(0x0000003bcda00000,0x0000003bcdb00000)]
  0x0000015e9e917600 JavaThread "Service Thread" daemon [_thread_blocked, id=18096, stack(0x0000003bcdb00000,0x0000003bcdc00000)]
  0x0000015e9e917fb0 JavaThread "Monitor Deflation Thread" daemon [_thread_blocked, id=3612, stack(0x0000003bcdc00000,0x0000003bcdd00000)]
=>0x0000015e9e94ee80 JavaThread "C2 CompilerThread0" daemon [_thread_in_native, id=18368, stack(0x0000003bcdd00000,0x0000003bcde00000)]
  0x0000015e9f408810 JavaThread "C1 CompilerThread0" daemon [_thread_blocked, id=10288, stack(0x0000003bcde00000,0x0000003bcdf00000)]
  0x0000015e9f42b580 JavaThread "Sweeper thread" daemon [_thread_blocked, id=9396, stack(0x0000003bcdf00000,0x0000003bce000000)]
  0x0000015e9f4dcec0 JavaThread "Common-Cleaner" daemon [_thread_blocked, id=17720, stack(0x0000003bce000000,0x0000003bce100000)]
  0x0000015e9f7dbba0 JavaThread "org.jacoco.agent.rt.internal_b6258fc.output.TcpClientOutput" daemon [_thread_in_native, id=13684, stack(0x0000003bce100000,0x0000003bce200000)]
  0x0000015ea0baffa0 JavaThread "Notification Thread" daemon [_thread_blocked, id=19372, stack(0x0000003bce200000,0x0000003bce300000)]
  0x0000015e9fc3b540 JavaThread "ReaderThread" [_thread_in_native, id=9320, stack(0x0000003bce800000,0x0000003bce900000)]
  0x0000015e9f573c30 JavaThread "mysql-cj-abandoned-connection-cleanup" daemon [_thread_blocked, id=15436, stack(0x0000003bcea00000,0x0000003bceb00000)]

Other Threads:
  0x0000015e85e5e290 VMThread "VM Thread" [stack: 0x0000003bcd600000,0x0000003bcd700000] [id=18072]
  0x0000015e9fdc10e0 WatcherThread [stack: 0x0000003bce300000,0x0000003bce400000] [id=6840]
  0x0000015e85dea090 GCTaskThread "GC Thread#0" [stack: 0x0000003bcd100000,0x0000003bcd200000] [id=14436]
  0x0000015e9fee3480 GCTaskThread "GC Thread#1" [stack: 0x0000003bce400000,0x0000003bce500000] [id=16716]
  0x0000015e9fe630b0 GCTaskThread "GC Thread#2" [stack: 0x0000003bce500000,0x0000003bce600000] [id=10996]
  0x0000015e9ffa8560 GCTaskThread "GC Thread#3" [stack: 0x0000003bce600000,0x0000003bce700000] [id=12124]
  0x0000015e85df2780 ConcurrentGCThread "G1 Main Marker" [stack: 0x0000003bcd200000,0x0000003bcd300000] [id=6868]
  0x0000015e85df42a0 ConcurrentGCThread "G1 Conc#0" [stack: 0x0000003bcd300000,0x0000003bcd400000] [id=2872]
  0x0000015e85e2fa70 ConcurrentGCThread "G1 Refine#0" [stack: 0x0000003bcd400000,0x0000003bcd500000] [id=18776]
  0x0000015e85e32af0 ConcurrentGCThread "G1 Service" [stack: 0x0000003bcd500000,0x0000003bcd600000] [id=3352]

Threads with active compile tasks:
C2 CompilerThread0    62179 6153   !   4       jdk.internal.loader.BuiltinClassLoader::findClassOnClassPathOrNull (64 bytes)

VM state: not at safepoint (normal execution)

VM Mutex/Monitor currently owned by a thread: None

Heap address: 0x00000000c8e00000, size: 882 MB, Compressed Oops mode: 32-bit

CDS archive(s) not mapped
Compressed class space mapped at: 0x0000000100000000-0x0000000140000000, reserved size: 1073741824
Narrow klass base: 0x0000000000000000, Narrow klass shift: 3, Narrow klass range: 0x140000000

GC Precious Log:
 CPUs: 4 total, 4 available
 Memory: 3521M
 Large Page Support: Disabled
 NUMA Support: Disabled
 Compressed Oops: Enabled (32-bit)
 Heap Region Size: 1M
 Heap Min Capacity: 8M
 Heap Initial Capacity: 56M
 Heap Max Capacity: 882M
 Pre-touch: Disabled
 Parallel Workers: 4
 Concurrent Workers: 1
 Concurrent Refinement Workers: 4
 Periodic GC: Disabled

Heap:
 garbage-first heap   total 62464K, used 39843K [0x00000000c8e00000, 0x0000000100000000)
  region size 1024K, 20 young (20480K), 1 survivors (1024K)
 Metaspace       used 57161K, committed 57536K, reserved 1105920K
  class space    used 6668K, committed 6848K, reserved 1048576K

Heap Regions: E=young(eden), S=young(survivor), O=old, HS=humongous(starts), HC=humongous(continues), CS=collection set, F=free, OA=open archive, CA=closed archive, TAMS=top-at-mark-start (previous, next)
|   0|0x00000000c8e00000, 0x00000000c8f00000, 0x00000000c8f00000|100%|HS|  |TAMS 0x00000000c8f00000, 0x00000000c8e00000| Complete 
|   1|0x00000000c8f00000, 0x00000000c9000000, 0x00000000c9000000|100%| O|  |TAMS 0x00000000c9000000, 0x00000000c8f00000| Untracked 
|   2|0x00000000c9000000, 0x00000000c9100000, 0x00000000c9100000|100%| O|  |TAMS 0x00000000c9100000, 0x00000000c9000000| Untracked 
|   3|0x00000000c9100000, 0x00000000c9200000, 0x00000000c9200000|100%| O|  |TAMS 0x00000000c9200000, 0x00000000c9100000| Untracked 
|   4|0x00000000c9200000, 0x00000000c9300000, 0x00000000c9300000|100%| O|  |TAMS 0x00000000c9300000, 0x00000000c9200000| Untracked 
|   5|0x00000000c9300000, 0x00000000c9400000, 0x00000000c9400000|100%| O|  |TAMS 0x00000000c9400000, 0x00000000c9300000| Untracked 
|   6|0x00000000c9400000, 0x00000000c9500000, 0x00000000c9500000|100%| O|  |TAMS 0x00000000c9500000, 0x00000000c9400000| Untracked 
|   7|0x00000000c9500000, 0x00000000c9600000, 0x00000000c9600000|100%| O|  |TAMS 0x00000000c9600000, 0x00000000c9500000| Untracked 
|   8|0x00000000c9600000, 0x00000000c9675200, 0x00000000c9700000| 45%| O|  |TAMS 0x00000000c9675200, 0x00000000c9600000| Untracked 
|   9|0x00000000c9700000, 0x00000000c9800000, 0x00000000c9800000|100%| O|  |TAMS 0x00000000c9800000, 0x00000000c9700000| Untracked 
|  10|0x00000000c9800000, 0x00000000c9900000, 0x00000000c9900000|100%| O|  |TAMS 0x00000000c9900000, 0x00000000c9800000| Untracked 
|  11|0x00000000c9900000, 0x00000000c9a00000, 0x00000000c9a00000|100%| O|  |TAMS 0x00000000c9a00000, 0x00000000c9900000| Untracked 
|  12|0x00000000c9a00000, 0x00000000c9b00000, 0x00000000c9b00000|100%| O|  |TAMS 0x00000000c9b00000, 0x00000000c9a00000| Untracked 
|  13|0x00000000c9b00000, 0x00000000c9c00000, 0x00000000c9c00000|100%| O|  |TAMS 0x00000000c9c00000, 0x00000000c9b00000| Untracked 
|  14|0x00000000c9c00000, 0x00000000c9d00000, 0x00000000c9d00000|100%| O|  |TAMS 0x00000000c9d00000, 0x00000000c9c00000| Untracked 
|  15|0x00000000c9d00000, 0x00000000c9e00000, 0x00000000c9e00000|100%| O|  |TAMS 0x00000000c9e00000, 0x00000000c9d00000| Untracked 
|  16|0x00000000c9e00000, 0x00000000c9f00000, 0x00000000c9f00000|100%| O|  |TAMS 0x00000000c9f00000, 0x00000000c9e00000| Untracked 
|  17|0x00000000c9f00000, 0x00000000ca000000, 0x00000000ca000000|100%| O|  |TAMS 0x00000000ca000000, 0x00000000c9f00000| Untracked 
|  18|0x00000000ca000000, 0x00000000ca100000, 0x00000000ca100000|100%| O|  |TAMS 0x00000000ca01c400, 0x00000000ca000000| Untracked 
|  19|0x00000000ca100000, 0x00000000ca200000, 0x00000000ca200000|100%| O|  |TAMS 0x00000000ca100000, 0x00000000ca100000| Untracked 
|  20|0x00000000ca200000, 0x00000000ca273c00, 0x00000000ca300000| 45%| O|  |TAMS 0x00000000ca200000, 0x00000000ca200000| Untracked 
|  21|0x00000000ca300000, 0x00000000ca300000, 0x00000000ca400000|  0%| F|  |TAMS 0x00000000ca300000, 0x00000000ca300000| Untracked 
|  22|0x00000000ca400000, 0x00000000ca400000, 0x00000000ca500000|  0%| F|  |TAMS 0x00000000ca400000, 0x00000000ca400000| Untracked 
|  23|0x00000000ca500000, 0x00000000ca500000, 0x00000000ca600000|  0%| F|  |TAMS 0x00000000ca500000, 0x00000000ca500000| Untracked 
|  24|0x00000000ca600000, 0x00000000ca600000, 0x00000000ca700000|  0%| F|  |TAMS 0x00000000ca600000, 0x00000000ca600000| Untracked 
|  25|0x00000000ca700000, 0x00000000ca700000, 0x00000000ca800000|  0%| F|  |TAMS 0x00000000ca700000, 0x00000000ca700000| Untracked 
|  26|0x00000000ca800000, 0x00000000ca800000, 0x00000000ca900000|  0%| F|  |TAMS 0x00000000ca800000, 0x00000000ca800000| Untracked 
|  27|0x00000000ca900000, 0x00000000ca900000, 0x00000000caa00000|  0%| F|  |TAMS 0x00000000ca900000, 0x00000000ca900000| Untracked 
|  28|0x00000000caa00000, 0x00000000caa00000, 0x00000000cab00000|  0%| F|  |TAMS 0x00000000caa00000, 0x00000000caa00000| Untracked 
|  29|0x00000000cab00000, 0x00000000cab00000, 0x00000000cac00000|  0%| F|  |TAMS 0x00000000cab00000, 0x00000000cab00000| Untracked 
|  30|0x00000000cac00000, 0x00000000cad00000, 0x00000000cad00000|100%| S|CS|TAMS 0x00000000cac00000, 0x00000000cac00000| Complete 
|  31|0x00000000cad00000, 0x00000000cad00000, 0x00000000cae00000|  0%| F|  |TAMS 0x00000000cad00000, 0x00000000cad00000| Untracked 
|  32|0x00000000cae00000, 0x00000000cae00000, 0x00000000caf00000|  0%| F|  |TAMS 0x00000000cae00000, 0x00000000cae00000| Untracked 
|  33|0x00000000caf00000, 0x00000000caf00000, 0x00000000cb000000|  0%| F|  |TAMS 0x00000000caf00000, 0x00000000caf00000| Untracked 
|  34|0x00000000cb000000, 0x00000000cb000000, 0x00000000cb100000|  0%| F|  |TAMS 0x00000000cb000000, 0x00000000cb000000| Untracked 
|  35|0x00000000cb100000, 0x00000000cb100000, 0x00000000cb200000|  0%| F|  |TAMS 0x00000000cb100000, 0x00000000cb100000| Untracked 
|  36|0x00000000cb200000, 0x00000000cb200000, 0x00000000cb300000|  0%| F|  |TAMS 0x00000000cb200000, 0x00000000cb200000| Untracked 
|  37|0x00000000cb300000, 0x00000000cb300000, 0x00000000cb400000|  0%| F|  |TAMS 0x00000000cb300000, 0x00000000cb300000| Untracked 
|  38|0x00000000cb400000, 0x00000000cb400000, 0x00000000cb500000|  0%| F|  |TAMS 0x00000000cb400000, 0x00000000cb400000| Untracked 
|  39|0x00000000cb500000, 0x00000000cb500000, 0x00000000cb600000|  0%| F|  |TAMS 0x00000000cb500000, 0x00000000cb500000| Untracked 
|  40|0x00000000cb600000, 0x00000000cb600000, 0x00000000cb700000|  0%| F|  |TAMS 0x00000000cb600000, 0x00000000cb600000| Untracked 
|  41|0x00000000cb700000, 0x00000000cb700000, 0x00000000cb800000|  0%| F|  |TAMS 0x00000000cb700000, 0x00000000cb700000| Untracked 
|  42|0x00000000cb800000, 0x00000000cb8825b0, 0x00000000cb900000| 50%| E|  |TAMS 0x00000000cb800000, 0x00000000cb800000| Complete 
|  43|0x00000000cb900000, 0x00000000cba00000, 0x00000000cba00000|100%| E|CS|TAMS 0x00000000cb900000, 0x00000000cb900000| Complete 
|  44|0x00000000cba00000, 0x00000000cbb00000, 0x00000000cbb00000|100%| E|CS|TAMS 0x00000000cba00000, 0x00000000cba00000| Complete 
|  45|0x00000000cbb00000, 0x00000000cbc00000, 0x00000000cbc00000|100%| E|CS|TAMS 0x00000000cbb00000, 0x00000000cbb00000| Complete 
|  46|0x00000000cbc00000, 0x00000000cbd00000, 0x00000000cbd00000|100%| E|CS|TAMS 0x00000000cbc00000, 0x00000000cbc00000| Complete 
|  47|0x00000000cbd00000, 0x00000000cbe00000, 0x00000000cbe00000|100%| E|CS|TAMS 0x00000000cbd00000, 0x00000000cbd00000| Complete 
|  48|0x00000000cbe00000, 0x00000000cbf00000, 0x00000000cbf00000|100%| E|CS|TAMS 0x00000000cbe00000, 0x00000000cbe00000| Complete 
|  49|0x00000000cbf00000, 0x00000000cc000000, 0x00000000cc000000|100%| E|CS|TAMS 0x00000000cbf00000, 0x00000000cbf00000| Complete 
|  50|0x00000000cc000000, 0x00000000cc100000, 0x00000000cc100000|100%| E|CS|TAMS 0x00000000cc000000, 0x00000000cc000000| Complete 
|  51|0x00000000cc100000, 0x00000000cc200000, 0x00000000cc200000|100%| E|CS|TAMS 0x00000000cc100000, 0x00000000cc100000| Complete 
|  52|0x00000000cc200000, 0x00000000cc300000, 0x00000000cc300000|100%| E|CS|TAMS 0x00000000cc200000, 0x00000000cc200000| Complete 
|  53|0x00000000cc300000, 0x00000000cc400000, 0x00000000cc400000|100%| E|CS|TAMS 0x00000000cc300000, 0x00000000cc300000| Complete 
|  54|0x00000000cc400000, 0x00000000cc500000, 0x00000000cc500000|100%| E|CS|TAMS 0x00000000cc400000, 0x00000000cc400000| Complete 
|  55|0x00000000cc500000, 0x00000000cc600000, 0x00000000cc600000|100%| E|CS|TAMS 0x00000000cc500000, 0x00000000cc500000| Complete 
|  56|0x00000000cc600000, 0x00000000cc700000, 0x00000000cc700000|100%| E|CS|TAMS 0x00000000cc600000, 0x00000000cc600000| Complete 
|  57|0x00000000cc700000, 0x00000000cc800000, 0x00000000cc800000|100%| E|CS|TAMS 0x00000000cc700000, 0x00000000cc700000| Complete 
|  58|0x00000000cc800000, 0x00000000cc900000, 0x00000000cc900000|100%| E|CS|TAMS 0x00000000cc800000, 0x00000000cc800000| Complete 
|  59|0x00000000cc900000, 0x00000000cca00000, 0x00000000cca00000|100%| E|CS|TAMS 0x00000000cc900000, 0x00000000cc900000| Complete 
|  60|0x00000000cca00000, 0x00000000ccb00000, 0x00000000ccb00000|100%| E|CS|TAMS 0x00000000cca00000, 0x00000000cca00000| Complete 

Card table byte_map: [0x0000015e9a450000,0x0000015e9a610000] _byte_map_base: 0x0000015e99e09000

Marking Bits (Prev, Next): (CMBitMap*) 0x0000015e85dea6e0, (CMBitMap*) 0x0000015e85dea6a0
 Prev Bits: [0x0000015e9b5a0000, 0x0000015e9c368000)
 Next Bits: [0x0000015e9a7d0000, 0x0000015e9b598000)

Polling page: 0x0000015e85e70000

Metaspace:

Usage:
  Non-class:     49.39 MB used.
      Class:      6.53 MB used.
       Both:     55.92 MB used.

Virtual space:
  Non-class space:       56.00 MB reserved,      49.56 MB ( 89%) committed,  7 nodes.
      Class space:        1.00 GB reserved,       6.69 MB ( <1%) committed,  1 nodes.
             Both:        1.05 GB reserved,      56.25 MB (  5%) committed. 

Chunk freelists:
   Non-Class:  2.27 MB
       Class:  1.22 MB
        Both:  3.48 MB

MaxMetaspaceSize: unlimited
CompressedClassSpaceSize: 1.00 GB
Initial GC threshold: 21.00 MB
Current GC threshold: 79.50 MB
CDS: off
MetaspaceReclaimPolicy: balanced
 - commit_granule_bytes: 65536.
 - commit_granule_words: 8192.
 - virtual_space_node_default_size: 1048576.
 - enlarge_chunks_in_place: 1.
 - new_chunks_are_fully_committed: 0.
 - uncommit_free_chunks: 1.
 - use_allocation_guard: 0.
 - handle_deallocations: 1.


Internal statistics:

num_allocs_failed_limit: 6.
num_arena_births: 390.
num_arena_deaths: 2.
num_vsnodes_births: 8.
num_vsnodes_deaths: 0.
num_space_committed: 900.
num_space_uncommitted: 0.
num_chunks_returned_to_freelist: 9.
num_chunks_taken_from_freelist: 2039.
num_chunk_merges: 3.
num_chunk_splits: 1443.
num_chunks_enlarged: 1136.
num_purges: 2.
num_inconsistent_stats: 0.

CodeHeap 'non-profiled nmethods': size=120000Kb used=3260Kb max_used=4056Kb free=116739Kb
 bounds [0x0000015e92730000, 0x0000015e92b30000, 0x0000015e99c60000]
CodeHeap 'profiled nmethods': size=120000Kb used=10249Kb max_used=12013Kb free=109750Kb
 bounds [0x0000015e8b200000, 0x0000015e8bdc0000, 0x0000015e92730000]
CodeHeap 'non-nmethods': size=5760Kb used=1261Kb max_used=1278Kb free=4498Kb
 bounds [0x0000015e8ac60000, 0x0000015e8aed0000, 0x0000015e8b200000]
 total_blobs=5501 nmethods=4929 adapters=484
 compilation: enabled
              stopped_count=0, restarted_count=0
 full_count=0

Compilation events (20 events):
Event: 61.973 Thread 0x0000015e9f408810 6233       3       jdk.internal.jimage.ImageLocation::getAttribute (44 bytes)
Event: 61.974 Thread 0x0000015e9f408810 nmethod 6233 0x0000015e8b7c9090 code [0x0000015e8b7c92c0, 0x0000015e8b7c9978]
Event: 62.009 Thread 0x0000015e9f408810 6234       3       java.util.HashMap::put (13 bytes)
Event: 62.010 Thread 0x0000015e9f408810 nmethod 6234 0x0000015e8b3d8310 code [0x0000015e8b3d84c0, 0x0000015e8b3d87b8]
Event: 62.017 Thread 0x0000015e9f408810 6235   !   3       sun.security.jca.ProviderConfig::getProvider (322 bytes)
Event: 62.023 Thread 0x0000015e9f408810 nmethod 6235 0x0000015e8bc40e10 code [0x0000015e8bc41280, 0x0000015e8bc430a8]
Event: 62.023 Thread 0x0000015e9f408810 6236       2       java.lang.Integer::parseInt (264 bytes)
Event: 62.026 Thread 0x0000015e9f408810 nmethod 6236 0x0000015e8b3de190 code [0x0000015e8b3de4c0, 0x0000015e8b3df0f8]
Event: 62.027 Thread 0x0000015e9f408810 6238       3       sun.security.jca.ProviderList::getProvider (22 bytes)
Event: 62.027 Thread 0x0000015e9f408810 nmethod 6238 0x0000015e8b353e10 code [0x0000015e8b353fc0, 0x0000015e8b3541a8]
Event: 62.035 Thread 0x0000015e9f408810 6239       3       java.security.Provider::ensureLegacyParsed (123 bytes)
Event: 62.037 Thread 0x0000015e9f408810 nmethod 6239 0x0000015e8bac1690 code [0x0000015e8bac1920, 0x0000015e8bac2668]
Event: 62.037 Thread 0x0000015e9f408810 6240       3       java.nio.MappedByteBuffer::limit (8 bytes)
Event: 62.037 Thread 0x0000015e9f408810 nmethod 6240 0x0000015e8b49c090 code [0x0000015e8b49c240, 0x0000015e8b49c3e8]
Event: 62.047 Thread 0x0000015e9f408810 6242       3       java.nio.MappedByteBuffer::position (6 bytes)
Event: 62.047 Thread 0x0000015e9f408810 nmethod 6242 0x0000015e8b302510 code [0x0000015e8b3026c0, 0x0000015e8b3028c8]
Event: 62.052 Thread 0x0000015e9f408810 6243       3       java.util.zip.Inflater::<init> (28 bytes)
Event: 62.053 Thread 0x0000015e9f408810 nmethod 6243 0x0000015e8b287d90 code [0x0000015e8b287f80, 0x0000015e8b288458]
Event: 62.076 Thread 0x0000015e9f408810 6244       3       java.math.BigInteger::bitLength (140 bytes)
Event: 62.077 Thread 0x0000015e9f408810 nmethod 6244 0x0000015e8b301410 code [0x0000015e8b301600, 0x0000015e8b301b58]

GC Heap History (20 events):
Event: 49.962 GC heap before
{Heap before GC invocations=34 (full 0):
 garbage-first heap   total 40960K, used 33465K [0x00000000c8e00000, 0x0000000100000000)
  region size 1024K, 17 young (17408K), 2 survivors (2048K)
 Metaspace       used 47024K, committed 47424K, reserved 1097728K
  class space    used 5429K, committed 5632K, reserved 1048576K
}
Event: 49.971 GC heap after
{Heap after GC invocations=35 (full 0):
 garbage-first heap   total 40960K, used 18864K [0x00000000c8e00000, 0x0000000100000000)
  region size 1024K, 3 young (3072K), 3 survivors (3072K)
 Metaspace       used 47024K, committed 47424K, reserved 1097728K
  class space    used 5429K, committed 5632K, reserved 1048576K
}
Event: 50.383 GC heap before
{Heap before GC invocations=35 (full 0):
 garbage-first heap   total 40960K, used 32176K [0x00000000c8e00000, 0x0000000100000000)
  region size 1024K, 16 young (16384K), 3 survivors (3072K)
 Metaspace       used 47699K, committed 48064K, reserved 1097728K
  class space    used 5499K, committed 5696K, reserved 1048576K
}
Event: 50.400 GC heap after
{Heap after GC invocations=36 (full 0):
 garbage-first heap   total 40960K, used 19312K [0x00000000c8e00000, 0x0000000100000000)
  region size 1024K, 2 young (2048K), 2 survivors (2048K)
 Metaspace       used 47699K, committed 48064K, reserved 1097728K
  class space    used 5499K, committed 5696K, reserved 1048576K
}
Event: 50.678 GC heap before
{Heap before GC invocations=36 (full 0):
 garbage-first heap   total 40960K, used 32624K [0x00000000c8e00000, 0x0000000100000000)
  region size 1024K, 15 young (15360K), 2 survivors (2048K)
 Metaspace       used 48297K, committed 48640K, reserved 1097728K
  class space    used 5592K, committed 5760K, reserved 1048576K
}
Event: 50.682 GC heap after
{Heap after GC invocations=37 (full 0):
 garbage-first heap   total 40960K, used 20002K [0x00000000c8e00000, 0x0000000100000000)
  region size 1024K, 2 young (2048K), 2 survivors (2048K)
 Metaspace       used 48297K, committed 48640K, reserved 1097728K
  class space    used 5592K, committed 5760K, reserved 1048576K
}
Event: 51.008 GC heap before
{Heap before GC invocations=38 (full 0):
 garbage-first heap   total 48128K, used 33314K [0x00000000c8e00000, 0x0000000100000000)
  region size 1024K, 15 young (15360K), 2 survivors (2048K)
 Metaspace       used 48963K, committed 49344K, reserved 1097728K
  class space    used 5642K, committed 5824K, reserved 1048576K
}
Event: 51.019 GC heap after
{Heap after GC invocations=39 (full 0):
 garbage-first heap   total 48128K, used 19748K [0x00000000c8e00000, 0x0000000100000000)
  region size 1024K, 1 young (1024K), 1 survivors (1024K)
 Metaspace       used 48963K, committed 49344K, reserved 1097728K
  class space    used 5642K, committed 5824K, reserved 1048576K
}
Event: 51.660 GC heap before
{Heap before GC invocations=39 (full 0):
 garbage-first heap   total 48128K, used 39204K [0x00000000c8e00000, 0x0000000100000000)
  region size 1024K, 20 young (20480K), 1 survivors (1024K)
 Metaspace       used 49907K, committed 50304K, reserved 1097728K
  class space    used 5767K, committed 5952K, reserved 1048576K
}
Event: 51.663 GC heap after
{Heap after GC invocations=40 (full 0):
 garbage-first heap   total 48128K, used 19904K [0x00000000c8e00000, 0x0000000100000000)
  region size 1024K, 1 young (1024K), 1 survivors (1024K)
 Metaspace       used 49907K, committed 50304K, reserved 1097728K
  class space    used 5767K, committed 5952K, reserved 1048576K
}
Event: 56.107 GC heap before
{Heap before GC invocations=40 (full 0):
 garbage-first heap   total 48128K, used 39360K [0x00000000c8e00000, 0x0000000100000000)
  region size 1024K, 20 young (20480K), 1 survivors (1024K)
 Metaspace       used 51204K, committed 51520K, reserved 1097728K
  class space    used 5992K, committed 6144K, reserved 1048576K
}
Event: 56.113 GC heap after
{Heap after GC invocations=41 (full 0):
 garbage-first heap   total 48128K, used 20140K [0x00000000c8e00000, 0x0000000100000000)
  region size 1024K, 1 young (1024K), 1 survivors (1024K)
 Metaspace       used 51204K, committed 51520K, reserved 1097728K
  class space    used 5992K, committed 6144K, reserved 1048576K
}
Event: 60.107 GC heap before
{Heap before GC invocations=41 (full 0):
 garbage-first heap   total 48128K, used 39596K [0x00000000c8e00000, 0x0000000100000000)
  region size 1024K, 20 young (20480K), 1 survivors (1024K)
 Metaspace       used 52202K, committed 52544K, reserved 1097728K
  class space    used 6144K, committed 6336K, reserved 1048576K
}
Event: 60.111 GC heap after
{Heap after GC invocations=42 (full 0):
 garbage-first heap   total 48128K, used 20543K [0x00000000c8e00000, 0x0000000100000000)
  region size 1024K, 2 young (2048K), 2 survivors (2048K)
 Metaspace       used 52202K, committed 52544K, reserved 1097728K
  class space    used 6144K, committed 6336K, reserved 1048576K
}
Event: 60.923 GC heap before
{Heap before GC invocations=42 (full 0):
 garbage-first heap   total 48128K, used 38975K [0x00000000c8e00000, 0x0000000100000000)
  region size 1024K, 20 young (20480K), 2 survivors (2048K)
 Metaspace       used 53081K, committed 53440K, reserved 1097728K
  class space    used 6225K, committed 6400K, reserved 1048576K
}
Event: 60.926 GC heap after
{Heap after GC invocations=43 (full 0):
 garbage-first heap   total 48128K, used 21054K [0x00000000c8e00000, 0x0000000100000000)
  region size 1024K, 2 young (2048K), 2 survivors (2048K)
 Metaspace       used 53081K, committed 53440K, reserved 1097728K
  class space    used 6225K, committed 6400K, reserved 1048576K
}
Event: 61.121 GC heap before
{Heap before GC invocations=43 (full 0):
 garbage-first heap   total 48128K, used 39486K [0x00000000c8e00000, 0x0000000100000000)
  region size 1024K, 20 young (20480K), 2 survivors (2048K)
 Metaspace       used 53800K, committed 54208K, reserved 1097728K
  class space    used 6289K, committed 6464K, reserved 1048576K
}
Event: 61.125 GC heap after
{Heap after GC invocations=44 (full 0):
 garbage-first heap   total 48128K, used 21842K [0x00000000c8e00000, 0x0000000100000000)
  region size 1024K, 3 young (3072K), 3 survivors (3072K)
 Metaspace       used 53800K, committed 54208K, reserved 1097728K
  class space    used 6289K, committed 6464K, reserved 1048576K
}
Event: 61.366 GC heap before
{Heap before GC invocations=44 (full 0):
 garbage-first heap   total 48128K, used 37202K [0x00000000c8e00000, 0x0000000100000000)
  region size 1024K, 19 young (19456K), 3 survivors (3072K)
 Metaspace       used 54523K, committed 54848K, reserved 1097728K
  class space    used 6363K, committed 6528K, reserved 1048576K
}
Event: 61.373 GC heap after
{Heap after GC invocations=45 (full 0):
 garbage-first heap   total 62464K, used 21411K [0x00000000c8e00000, 0x0000000100000000)
  region size 1024K, 1 young (1024K), 1 survivors (1024K)
 Metaspace       used 54523K, committed 54848K, reserved 1097728K
  class space    used 6363K, committed 6528K, reserved 1048576K
}

Deoptimization events (20 events):
Event: 60.777 Thread 0x0000015e85db0ab0 DEOPT PACKING pc=0x0000015e8bda83d9 sp=0x0000003bcd0f83b0
Event: 60.777 Thread 0x0000015e85db0ab0 DEOPT UNPACKING pc=0x0000015e8acb2b43 sp=0x0000003bcd0f78a0 mode 0
Event: 60.897 Thread 0x0000015e85db0ab0 Uncommon trap: trap_request=0xffffff45 fr.pc=0x0000015e927ea860 relative=0x0000000000000e00
Event: 60.897 Thread 0x0000015e85db0ab0 Uncommon trap: reason=unstable_if action=reinterpret pc=0x0000015e927ea860 method=org.jacoco.agent.rt.internal_b6258fc.asm.Type.getArgumentsAndReturnSizes(Ljava/lang/String;)I @ 25 c2
Event: 60.897 Thread 0x0000015e85db0ab0 DEOPT PACKING pc=0x0000015e927ea860 sp=0x0000003bcd0f4b70
Event: 60.897 Thread 0x0000015e85db0ab0 DEOPT UNPACKING pc=0x0000015e8acb23a3 sp=0x0000003bcd0f4a38 mode 2
Event: 61.718 Thread 0x0000015e85db0ab0 DEOPT PACKING pc=0x0000015e8b85b4b4 sp=0x0000003bcd0f70f0
Event: 61.718 Thread 0x0000015e85db0ab0 DEOPT UNPACKING pc=0x0000015e8acb2b43 sp=0x0000003bcd0f65b8 mode 0
Event: 61.723 Thread 0x0000015e85db0ab0 Uncommon trap: trap_request=0xffffff45 fr.pc=0x0000015e929da48c relative=0x00000000000009cc
Event: 61.723 Thread 0x0000015e85db0ab0 Uncommon trap: reason=unstable_if action=reinterpret pc=0x0000015e929da48c method=sun.net.util.IPAddressUtil.scan(Ljava/lang/String;JJ[C)I @ 14 c2
Event: 61.723 Thread 0x0000015e85db0ab0 DEOPT PACKING pc=0x0000015e929da48c sp=0x0000003bcd0f6e00
Event: 61.723 Thread 0x0000015e85db0ab0 DEOPT UNPACKING pc=0x0000015e8acb23a3 sp=0x0000003bcd0f6c70 mode 2
Event: 61.964 Thread 0x0000015e85db0ab0 Uncommon trap: trap_request=0xffffff45 fr.pc=0x0000015e928b3278 relative=0x0000000000000218
Event: 61.964 Thread 0x0000015e85db0ab0 Uncommon trap: reason=unstable_if action=reinterpret pc=0x0000015e928b3278 method=java.util.HashMap.putVal(ILjava/lang/Object;Ljava/lang/Object;ZZ)Ljava/lang/Object; @ 162 c2
Event: 61.964 Thread 0x0000015e85db0ab0 DEOPT PACKING pc=0x0000015e928b3278 sp=0x0000003bcd0f75a0
Event: 61.964 Thread 0x0000015e85db0ab0 DEOPT UNPACKING pc=0x0000015e8acb23a3 sp=0x0000003bcd0f74c8 mode 2
Event: 62.026 Thread 0x0000015e85db0ab0 Uncommon trap: trap_request=0xffffff45 fr.pc=0x0000015e9291b934 relative=0x00000000000001d4
Event: 62.026 Thread 0x0000015e85db0ab0 Uncommon trap: reason=unstable_if action=reinterpret pc=0x0000015e9291b934 method=java.util.HashMap.putVal(ILjava/lang/Object;Ljava/lang/Object;ZZ)Ljava/lang/Object; @ 162 c2
Event: 62.026 Thread 0x0000015e85db0ab0 DEOPT PACKING pc=0x0000015e9291b934 sp=0x0000003bcd0f7b20
Event: 62.027 Thread 0x0000015e85db0ab0 DEOPT UNPACKING pc=0x0000015e8acb23a3 sp=0x0000003bcd0f7ab0 mode 2

Classes unloaded (1 events):
Event: 50.733 Thread 0x0000015e85e5e290 Unloading class 0x00000001004d0000 'net/bytebuddy/mirror/AccessibleObject'

Classes redefined (0 events):
No events

Internal exceptions (20 events):
Event: 50.621 Thread 0x0000015e85db0ab0 Exception <a 'java/lang/ClassNotFoundException'{0x00000000cac3fe10}: org/springframework/orm/jpa/AbstractEntityManagerFactoryBeanCustomizer> (0x00000000cac3fe10) 
thrown [s\src\hotspot\share\classfile\systemDictionary.cpp, line 256]
Event: 50.625 Thread 0x0000015e85db0ab0 Exception <a 'java/lang/ClassNotFoundException'{0x00000000cac6b768}: org/springframework/orm/jpa/LocalContainerEntityManagerFactoryBeanCustomizer> (0x00000000cac6b768) 
thrown [s\src\hotspot\share\classfile\systemDictionary.cpp, line 256]
Event: 50.630 Thread 0x0000015e85db0ab0 Exception <a 'java/lang/ClassNotFoundException'{0x00000000cacb5470}: org/springframework/context/ResourceLoaderAwareCustomizer> (0x00000000cacb5470) 
thrown [s\src\hotspot\share\classfile\systemDictionary.cpp, line 256]
Event: 50.631 Thread 0x0000015e85db0ab0 Exception <a 'java/lang/ClassNotFoundException'{0x00000000cacbde08}: org/springframework/beans/factory/AwareCustomizer> (0x00000000cacbde08) 
thrown [s\src\hotspot\share\classfile\systemDictionary.cpp, line 256]
Event: 50.632 Thread 0x0000015e85db0ab0 Exception <a 'java/lang/ClassNotFoundException'{0x00000000cacc5ea8}: org/springframework/context/weaving/LoadTimeWeaverAwareCustomizer> (0x00000000cacc5ea8) 
thrown [s\src\hotspot\share\classfile\systemDictionary.cpp, line 256]
Event: 50.633 Thread 0x0000015e85db0ab0 Exception <a 'java/lang/ClassNotFoundException'{0x00000000caccef88}: org/springframework/beans/factory/AwareCustomizer> (0x00000000caccef88) 
thrown [s\src\hotspot\share\classfile\systemDictionary.cpp, line 256]
Event: 50.634 Thread 0x0000015e85db0ab0 Exception <a 'java/lang/ClassNotFoundException'{0x00000000cacd6df8}: org/springframework/beans/factory/FactoryBeanCustomizer> (0x00000000cacd6df8) 
thrown [s\src\hotspot\share\classfile\systemDictionary.cpp, line 256]
Event: 50.636 Thread 0x0000015e85db0ab0 Exception <a 'java/lang/ClassNotFoundException'{0x00000000cace3050}: org/springframework/beans/factory/BeanClassLoaderAwareCustomizer> (0x00000000cace3050) 
thrown [s\src\hotspot\share\classfile\systemDictionary.cpp, line 256]
Event: 50.637 Thread 0x0000015e85db0ab0 Exception <a 'java/lang/ClassNotFoundException'{0x00000000caceba10}: org/springframework/beans/factory/AwareCustomizer> (0x00000000caceba10) 
thrown [s\src\hotspot\share\classfile\systemDictionary.cpp, line 256]
Event: 50.638 Thread 0x0000015e85db0ab0 Exception <a 'java/lang/ClassNotFoundException'{0x00000000cacf3870}: org/springframework/beans/factory/BeanFactoryAwareCustomizer> (0x00000000cacf3870) 
thrown [s\src\hotspot\share\classfile\systemDictionary.cpp, line 256]
Event: 50.639 Thread 0x0000015e85db0ab0 Exception <a 'java/lang/ClassNotFoundException'{0x00000000cacfc8d0}: org/springframework/beans/factory/AwareCustomizer> (0x00000000cacfc8d0) 
thrown [s\src\hotspot\share\classfile\systemDictionary.cpp, line 256]
Event: 50.640 Thread 0x0000015e85db0ab0 Exception <a 'java/lang/ClassNotFoundException'{0x00000000cab04d08}: org/springframework/beans/factory/BeanNameAwareCustomizer> (0x00000000cab04d08) 
thrown [s\src\hotspot\share\classfile\systemDictionary.cpp, line 256]
Event: 50.641 Thread 0x0000015e85db0ab0 Exception <a 'java/lang/ClassNotFoundException'{0x00000000cab0da68}: org/springframework/beans/factory/AwareCustomizer> (0x00000000cab0da68) 
thrown [s\src\hotspot\share\classfile\systemDictionary.cpp, line 256]
Event: 50.642 Thread 0x0000015e85db0ab0 Exception <a 'java/lang/ClassNotFoundException'{0x00000000cab158c8}: org/springframework/beans/factory/InitializingBeanCustomizer> (0x00000000cab158c8) 
thrown [s\src\hotspot\share\classfile\systemDictionary.cpp, line 256]
Event: 50.643 Thread 0x0000015e85db0ab0 Exception <a 'java/lang/ClassNotFoundException'{0x00000000cab1df90}: org/springframework/beans/factory/DisposableBeanCustomizer> (0x00000000cab1df90) 
thrown [s\src\hotspot\share\classfile\systemDictionary.cpp, line 256]
Event: 50.644 Thread 0x0000015e85db0ab0 Exception <a 'java/lang/ClassNotFoundException'{0x00000000cab26c98}: org/springframework/orm/jpa/EntityManagerFactoryInfoCustomizer> (0x00000000cab26c98) 
thrown [s\src\hotspot\share\classfile\systemDictionary.cpp, line 256]
Event: 50.646 Thread 0x0000015e85db0ab0 Exception <a 'java/lang/ClassNotFoundException'{0x00000000cab39698}: org/springframework/dao/support/PersistenceExceptionTranslatorCustomizer> (0x00000000cab39698) 
thrown [s\src\hotspot\share\classfile\systemDictionary.cpp, line 256]
Event: 51.932 Thread 0x0000015e85db0ab0 Exception <a 'java/lang/NoSuchMethodError'{0x00000000cb55ea38}: 'java.lang.Object java.lang.invoke.DirectMethodHandle$Holder.invokeStaticInit(java.lang.Object, int, int, int, int)'> (0x00000000cb55ea38) 
thrown [s\src\hotspot\share\interpreter\linkResolver.cpp, line 759]
Event: 52.904 Thread 0x0000015e85db0ab0 Exception <a 'java/lang/NoSuchMethodError'{0x00000000cb4170d0}: 'java.lang.Object java.lang.invoke.DirectMethodHandle$Holder.invokeStaticInit(java.lang.Object, java.lang.Object, int, int, int, int)'> (0x00000000cb4170d0) 
thrown [s\src\hotspot\share\interpreter\linkResolver.cpp, line 759]
Event: 61.695 Thread 0x0000015e85db0ab0 Exception <a 'sun/nio/fs/WindowsException'{0x00000000cc13e950}> (0x00000000cc13e950) 
thrown [s\src\hotspot\share\prims\jni.cpp, line 516]

VM Operations (20 events):
Event: 60.196 Executing VM operation: HandshakeAllThreads
Event: 60.206 Executing VM operation: HandshakeAllThreads done
Event: 60.923 Executing VM operation: G1CollectForAllocation
Event: 60.927 Executing VM operation: G1CollectForAllocation done
Event: 61.121 Executing VM operation: G1CollectForAllocation
Event: 61.125 Executing VM operation: G1CollectForAllocation done
Event: 61.147 Executing VM operation: HandshakeAllThreads
Event: 61.147 Executing VM operation: HandshakeAllThreads done
Event: 61.197 Executing VM operation: HandshakeAllThreads
Event: 61.197 Executing VM operation: HandshakeAllThreads done
Event: 61.365 Executing VM operation: G1CollectForAllocation
Event: 61.374 Executing VM operation: G1CollectForAllocation done
Event: 61.702 Executing VM operation: HandshakeAllThreads
Event: 61.702 Executing VM operation: HandshakeAllThreads done
Event: 61.716 Executing VM operation: HandshakeAllThreads
Event: 61.716 Executing VM operation: HandshakeAllThreads done
Event: 61.722 Executing VM operation: HandshakeAllThreads
Event: 61.723 Executing VM operation: HandshakeAllThreads done
Event: 61.739 Executing VM operation: HandshakeAllThreads
Event: 61.739 Executing VM operation: HandshakeAllThreads done

Events (20 events):
Event: 62.055 loading class sun/security/util/math/intpoly/IntegerPolynomial
Event: 62.057 loading class sun/security/util/math/intpoly/IntegerPolynomial done
Event: 62.057 loading class sun/security/util/math/intpoly/IntegerPolynomial25519 done
Event: 62.059 loading class sun/security/util/math/intpoly/Curve25519OrderField
Event: 62.059 loading class sun/security/util/math/intpoly/Curve25519OrderField done
Event: 62.060 loading class sun/security/util/math/intpoly/IntegerPolynomial$ImmutableElement
Event: 62.060 loading class sun/security/util/math/ImmutableIntegerModuloP
Event: 62.060 loading class sun/security/util/math/IntegerModuloP
Event: 62.061 loading class sun/security/util/math/IntegerModuloP done
Event: 62.061 loading class sun/security/util/math/ImmutableIntegerModuloP done
Event: 62.061 loading class sun/security/util/math/intpoly/IntegerPolynomial$Element
Event: 62.061 loading class sun/security/util/math/intpoly/IntegerPolynomial$Element done
Event: 62.061 loading class sun/security/util/math/intpoly/IntegerPolynomial$ImmutableElement done
Event: 62.063 loading class sun/security/util/math/intpoly/IntegerPolynomial$Limb
Event: 62.063 loading class sun/security/util/math/SmallValue
Event: 62.063 loading class sun/security/util/math/SmallValue done
Event: 62.063 loading class sun/security/util/math/intpoly/IntegerPolynomial$Limb done
Event: 62.074 loading class sun/security/util/math/intpoly/IntegerPolynomial448
Event: 62.075 loading class sun/security/util/math/intpoly/IntegerPolynomial448 done
Event: 62.077 loading class sun/security/util/math/intpoly/Curve448OrderField


Dynamic libraries:
0x00007ff7c6450000 - 0x00007ff7c645e000 	R:\spring-tool-suite-4-4.16.0.RELEASE-e4.25.0-win32.win32.x86_64.self-extracting\sts-4.16.0.RELEASE\plugins\org.eclipse.justj.openjdk.hotspot.jre.full.win32.x86_64_17.0.4.v20220903-1038\jre\bin\javaw.exe
0x00007ff9c8830000 - 0x00007ff9c8a44000 	C:\WINDOWS\SYSTEM32\ntdll.dll
0x00007ff9c7950000 - 0x00007ff9c7a12000 	C:\WINDOWS\System32\KERNEL32.DLL
0x00007ff9c5c60000 - 0x00007ff9c5ffd000 	C:\WINDOWS\System32\KERNELBASE.dll
0x00007ff9c6290000 - 0x00007ff9c63a1000 	C:\WINDOWS\System32\ucrtbase.dll
0x00007ff99c6a0000 - 0x00007ff99c6b8000 	R:\spring-tool-suite-4-4.16.0.RELEASE-e4.25.0-win32.win32.x86_64.self-extracting\sts-4.16.0.RELEASE\plugins\org.eclipse.justj.openjdk.hotspot.jre.full.win32.x86_64_17.0.4.v20220903-1038\jre\bin\jli.dll
0x00007ff9bbe70000 - 0x00007ff9bbe89000 	R:\spring-tool-suite-4-4.16.0.RELEASE-e4.25.0-win32.win32.x86_64.self-extracting\sts-4.16.0.RELEASE\plugins\org.eclipse.justj.openjdk.hotspot.jre.full.win32.x86_64_17.0.4.v20220903-1038\jre\bin\VCRUNTIME140.dll
0x00007ff9c7ca0000 - 0x00007ff9c7e4a000 	C:\WINDOWS\System32\USER32.dll
0x00007ff9c63b0000 - 0x00007ff9c63d6000 	C:\WINDOWS\System32\win32u.dll
0x00007ff9c86a0000 - 0x00007ff9c86c9000 	C:\WINDOWS\System32\GDI32.dll
0x00007ff9c6170000 - 0x00007ff9c6282000 	C:\WINDOWS\System32\gdi32full.dll
0x00007ff9c6590000 - 0x00007ff9c662a000 	C:\WINDOWS\System32\msvcp_win.dll
0x00007ff9acce0000 - 0x00007ff9acf6e000 	C:\WINDOWS\WinSxS\amd64_microsoft.windows.common-controls_6595b64144ccf1df_6.0.22621.436_none_a94247dbc10d8414\COMCTL32.dll
0x00007ff9c7a20000 - 0x00007ff9c7ac7000 	C:\WINDOWS\System32\msvcrt.dll
0x00007ff9c7e50000 - 0x00007ff9c7e82000 	C:\WINDOWS\System32\IMM32.DLL
0x00007ff9bc2b0000 - 0x00007ff9bc2bc000 	R:\spring-tool-suite-4-4.16.0.RELEASE-e4.25.0-win32.win32.x86_64.self-extracting\sts-4.16.0.RELEASE\plugins\org.eclipse.justj.openjdk.hotspot.jre.full.win32.x86_64_17.0.4.v20220903-1038\jre\bin\vcruntime140_1.dll
0x00007ff99a9b0000 - 0x00007ff99aa41000 	R:\spring-tool-suite-4-4.16.0.RELEASE-e4.25.0-win32.win32.x86_64.self-extracting\sts-4.16.0.RELEASE\plugins\org.eclipse.justj.openjdk.hotspot.jre.full.win32.x86_64_17.0.4.v20220903-1038\jre\bin\msvcp140.dll
0x00007ff937dd0000 - 0x00007ff938a16000 	R:\spring-tool-suite-4-4.16.0.RELEASE-e4.25.0-win32.win32.x86_64.self-extracting\sts-4.16.0.RELEASE\plugins\org.eclipse.justj.openjdk.hotspot.jre.full.win32.x86_64_17.0.4.v20220903-1038\jre\bin\server\jvm.dll
0x00007ff9c7be0000 - 0x00007ff9c7c8e000 	C:\WINDOWS\System32\ADVAPI32.dll
0x00007ff9c7b20000 - 0x00007ff9c7bc4000 	C:\WINDOWS\System32\sechost.dll
0x00007ff9c8510000 - 0x00007ff9c8625000 	C:\WINDOWS\System32\RPCRT4.dll
0x00007ff9c6ba0000 - 0x00007ff9c6ba8000 	C:\WINDOWS\System32\PSAPI.DLL
0x00007ff9c0910000 - 0x00007ff9c0919000 	C:\WINDOWS\SYSTEM32\WSOCK32.dll
0x00007ff9c7e90000 - 0x00007ff9c7f01000 	C:\WINDOWS\System32\WS2_32.dll
0x00007ff9bedf0000 - 0x00007ff9bee24000 	C:\WINDOWS\SYSTEM32\WINMM.dll
0x00007ff9bcd70000 - 0x00007ff9bcd7a000 	C:\WINDOWS\SYSTEM32\VERSION.dll
0x00007ff9c4ca0000 - 0x00007ff9c4cb8000 	C:\WINDOWS\SYSTEM32\kernel.appcore.dll
0x00007ff99dd70000 - 0x00007ff99dd7a000 	R:\spring-tool-suite-4-4.16.0.RELEASE-e4.25.0-win32.win32.x86_64.self-extracting\sts-4.16.0.RELEASE\plugins\org.eclipse.justj.openjdk.hotspot.jre.full.win32.x86_64_17.0.4.v20220903-1038\jre\bin\jimage.dll
0x00007ff9bd5d0000 - 0x00007ff9bd7fe000 	C:\WINDOWS\SYSTEM32\DBGHELP.DLL
0x00007ff9c67f0000 - 0x00007ff9c6b7a000 	C:\WINDOWS\System32\combase.dll
0x00007ff9c7760000 - 0x00007ff9c7837000 	C:\WINDOWS\System32\OLEAUT32.dll
0x00007ff9ad050000 - 0x00007ff9ad082000 	C:\WINDOWS\SYSTEM32\dbgcore.DLL
0x00007ff9c63e0000 - 0x00007ff9c645b000 	C:\WINDOWS\System32\bcryptPrimitives.dll
0x00007ff99cab0000 - 0x00007ff99cabe000 	R:\spring-tool-suite-4-4.16.0.RELEASE-e4.25.0-win32.win32.x86_64.self-extracting\sts-4.16.0.RELEASE\plugins\org.eclipse.justj.openjdk.hotspot.jre.full.win32.x86_64_17.0.4.v20220903-1038\jre\bin\instrument.dll
0x00007ff99c670000 - 0x00007ff99c695000 	R:\spring-tool-suite-4-4.16.0.RELEASE-e4.25.0-win32.win32.x86_64.self-extracting\sts-4.16.0.RELEASE\plugins\org.eclipse.justj.openjdk.hotspot.jre.full.win32.x86_64_17.0.4.v20220903-1038\jre\bin\java.dll
0x00007ff937db0000 - 0x00007ff937dc8000 	R:\spring-tool-suite-4-4.16.0.RELEASE-e4.25.0-win32.win32.x86_64.self-extracting\sts-4.16.0.RELEASE\plugins\org.eclipse.justj.openjdk.hotspot.jre.full.win32.x86_64_17.0.4.v20220903-1038\jre\bin\zip.dll
0x00007ff9c6de0000 - 0x00007ff9c75c0000 	C:\WINDOWS\System32\SHELL32.dll
0x00007ff9c3c50000 - 0x00007ff9c4515000 	C:\WINDOWS\SYSTEM32\windows.storage.dll
0x00007ff9c3b10000 - 0x00007ff9c3c4e000 	C:\WINDOWS\SYSTEM32\wintypes.dll
0x00007ff9c7840000 - 0x00007ff9c7931000 	C:\WINDOWS\System32\SHCORE.dll
0x00007ff9c6bb0000 - 0x00007ff9c6c0e000 	C:\WINDOWS\System32\shlwapi.dll
0x00007ff9c5b90000 - 0x00007ff9c5bb1000 	C:\WINDOWS\SYSTEM32\profapi.dll
0x00007ff9bc3b0000 - 0x00007ff9bc3c9000 	R:\spring-tool-suite-4-4.16.0.RELEASE-e4.25.0-win32.win32.x86_64.self-extracting\sts-4.16.0.RELEASE\plugins\org.eclipse.justj.openjdk.hotspot.jre.full.win32.x86_64_17.0.4.v20220903-1038\jre\bin\net.dll
0x00007ff9bb200000 - 0x00007ff9bb32f000 	C:\WINDOWS\SYSTEM32\WINHTTP.dll
0x00007ff9c5110000 - 0x00007ff9c5179000 	C:\WINDOWS\system32\mswsock.dll
0x00007ff9bc330000 - 0x00007ff9bc345000 	R:\spring-tool-suite-4-4.16.0.RELEASE-e4.25.0-win32.win32.x86_64.self-extracting\sts-4.16.0.RELEASE\plugins\org.eclipse.justj.openjdk.hotspot.jre.full.win32.x86_64_17.0.4.v20220903-1038\jre\bin\nio.dll
0x00007ff9c2880000 - 0x00007ff9c2890000 	R:\spring-tool-suite-4-4.16.0.RELEASE-e4.25.0-win32.win32.x86_64.self-extracting\sts-4.16.0.RELEASE\plugins\org.eclipse.justj.openjdk.hotspot.jre.full.win32.x86_64_17.0.4.v20220903-1038\jre\bin\verify.dll
0x00007ff9a9060000 - 0x00007ff9a9077000 	C:\WINDOWS\system32\napinsp.dll
0x00007ff9a9040000 - 0x00007ff9a905b000 	C:\WINDOWS\system32\pnrpnsp.dll
0x00007ff9c47e0000 - 0x00007ff9c48d2000 	C:\WINDOWS\SYSTEM32\DNSAPI.dll
0x00007ff9c4770000 - 0x00007ff9c479d000 	C:\WINDOWS\SYSTEM32\IPHLPAPI.DLL
0x00007ff9c7bd0000 - 0x00007ff9c7bd9000 	C:\WINDOWS\System32\NSI.dll
0x00007ff9a8ea0000 - 0x00007ff9a8eb1000 	C:\WINDOWS\System32\winrnr.dll
0x00007ff9a8e80000 - 0x00007ff9a8e95000 	C:\WINDOWS\system32\wshbth.dll
0x00007ff9a8e00000 - 0x00007ff9a8e21000 	C:\WINDOWS\system32\nlansp_c.dll
0x00007ff9bcd30000 - 0x00007ff9bcd3a000 	C:\Windows\System32\rasadhlp.dll
0x00007ff9bc5d0000 - 0x00007ff9bc653000 	C:\WINDOWS\System32\fwpuclnt.dll
0x00007ff9bb1a0000 - 0x00007ff9bb1b9000 	C:\WINDOWS\SYSTEM32\dhcpcsvc6.DLL
0x00007ff9bb180000 - 0x00007ff9bb19f000 	C:\WINDOWS\SYSTEM32\dhcpcsvc.DLL
0x00007ff9bbc10000 - 0x00007ff9bbc19000 	R:\spring-tool-suite-4-4.16.0.RELEASE-e4.25.0-win32.win32.x86_64.self-extracting\sts-4.16.0.RELEASE\plugins\org.eclipse.justj.openjdk.hotspot.jre.full.win32.x86_64_17.0.4.v20220903-1038\jre\bin\management.dll
0x00007ff9b5f00000 - 0x00007ff9b5f0b000 	R:\spring-tool-suite-4-4.16.0.RELEASE-e4.25.0-win32.win32.x86_64.self-extracting\sts-4.16.0.RELEASE\plugins\org.eclipse.justj.openjdk.hotspot.jre.full.win32.x86_64_17.0.4.v20220903-1038\jre\bin\management_ext.dll
0x00007ff9c5370000 - 0x00007ff9c538b000 	C:\WINDOWS\SYSTEM32\CRYPTSP.dll
0x00007ff9c4c10000 - 0x00007ff9c4c45000 	C:\WINDOWS\system32\rsaenh.dll
0x00007ff9c5220000 - 0x00007ff9c5248000 	C:\WINDOWS\SYSTEM32\USERENV.dll
0x00007ff9c5530000 - 0x00007ff9c5558000 	C:\WINDOWS\SYSTEM32\bcrypt.dll
0x00007ff9c5390000 - 0x00007ff9c539c000 	C:\WINDOWS\SYSTEM32\CRYPTBASE.dll
0x00007ff9bc3a0000 - 0x00007ff9bc3ae000 	R:\spring-tool-suite-4-4.16.0.RELEASE-e4.25.0-win32.win32.x86_64.self-extracting\sts-4.16.0.RELEASE\plugins\org.eclipse.justj.openjdk.hotspot.jre.full.win32.x86_64_17.0.4.v20220903-1038\jre\bin\sunmscapi.dll
0x00007ff9c6000000 - 0x00007ff9c6166000 	C:\WINDOWS\System32\CRYPT32.dll
0x00007ff9c5500000 - 0x00007ff9c552d000 	C:\WINDOWS\SYSTEM32\ncrypt.dll
0x00007ff9c54c0000 - 0x00007ff9c54f7000 	C:\WINDOWS\SYSTEM32\NTASN1.dll

dbghelp: loaded successfully - version: 4.0.5 - missing functions: none
symbol engine: initialized successfully - sym options: 0x614 - pdb path: .;R:\spring-tool-suite-4-4.16.0.RELEASE-e4.25.0-win32.win32.x86_64.self-extracting\sts-4.16.0.RELEASE\plugins\org.eclipse.justj.openjdk.hotspot.jre.full.win32.x86_64_17.0.4.v20220903-1038\jre\bin;C:\WINDOWS\SYSTEM32;C:\WINDOWS\WinSxS\amd64_microsoft.windows.common-controls_6595b64144ccf1df_6.0.22621.436_none_a94247dbc10d8414;R:\spring-tool-suite-4-4.16.0.RELEASE-e4.25.0-win32.win32.x86_64.self-extracting\sts-4.16.0.RELEASE\plugins\org.eclipse.justj.openjdk.hotspot.jre.full.win32.x86_64_17.0.4.v20220903-1038\jre\bin\server

VM Arguments:
jvm_args: -javaagent:R:\spring-tool-suite-4-4.16.0.RELEASE-e4.25.0-win32.win32.x86_64.self-extracting\sts-4.16.0.RELEASE\configuration\org.eclipse.osgi\588\0\.cp\jacocoagent.jar=includes=*,excludes=,exclclassloader=sun.reflect.DelegatingClassLoader,output=tcpclient,port=58146 -ea -Dfile.encoding=UTF-8 -XX:+ShowCodeDetailsInExceptionMessages 
java_command: org.eclipse.jdt.internal.junit.runner.RemoteTestRunner -version 3 -port 58147 -testLoaderClass org.eclipse.jdt.internal.junit5.runner.JUnit5TestLoader -loaderpluginname org.eclipse.jdt.junit5.runtime -packageNameFile C:\Users\rosha\AppData\Local\Temp\packageNames17686157938955946443.txt
java_class_path (initial): R:\TestYantraPrl Pj\growth (1)\growth\target\test-classes;R:\TestYantraPrl Pj\growth (1)\growth\target\classes;C:\Users\rosha\.m2\repository\org\springframework\boot\spring-boot-starter-data-jpa\2.7.5\spring-boot-starter-data-jpa-2.7.5.jar;C:\Users\rosha\.m2\repository\org\springframework\boot\spring-boot-starter-aop\2.7.5\spring-boot-starter-aop-2.7.5.jar;C:\Users\rosha\.m2\repository\org\springframework\boot\spring-boot-starter\2.7.5\spring-boot-starter-2.7.5.jar;C:\Users\rosha\.m2\repository\org\springframework\boot\spring-boot\2.7.5\spring-boot-2.7.5.jar;C:\Users\rosha\.m2\repository\org\springframework\spring-core\5.3.23\spring-core-5.3.23.jar;C:\Users\rosha\.m2\repository\org\springframework\spring-jcl\5.3.23\spring-jcl-5.3.23.jar;C:\Users\rosha\.m2\repository\org\springframework\spring-context\5.3.23\spring-context-5.3.23.jar;C:\Users\rosha\.m2\repository\org\springframework\spring-aop\5.3.23\spring-aop-5.3.23.jar;C:\Users\rosha\.m2\repository\org\springframework\spring-beans\5.3.23\spring-beans-5.3.23.jar;C:\Users\rosha\.m2\repository\org\springframework\spring-expression\5.3.23\spring-expression-5.3.23.jar;C:\Users\rosha\.m2\repository\org\springframework\boot\spring-boot-autoconfigure\2.7.5\spring-boot-autoconfigure-2.7.5.jar;C:\Users\rosha\.m2\repository\org\springframework\boot\spring-boot-starter-logging\2.7.5\spring-boot-starter-logging-2.7.5.jar;C:\Users\rosha\.m2\repository\ch\qos\logback\logback-classic\1.2.11\logback-classic-1.2.11.jar;C:\Users\rosha\.m2\repository\ch\qos\logback\logback-core\1.2.11\logback-core-1.2.11.jar;C:\Users\rosha\.m2\repository\org\slf4j\slf4j-api\1.7.36\slf4j-api-1.7.36.jar;C:\Users\rosha\.m2\repository\org\apache\logging\log4j\log4j-to-slf4j\2.17.2\log4j-to-slf4j-2.17.2.jar;C:\Users\rosha\.m2\repository\org\apache\logging\log4j\log4j-api\2.17.2\log4j-api-2.17.2.jar;C:\Users\rosha\.m2\repository\org\slf4j\jul-to-slf4j\1.7.36\jul-to-slf4j-1.7.36.jar;C:\Users\rosha\.m2\repository\jakarta\annotati
Launcher Type: SUN_STANDARD

[Global flags]
     intx CICompilerCount                          = 3                                         {product} {ergonomic}
     uint ConcGCThreads                            = 1                                         {product} {ergonomic}
     uint G1ConcRefinementThreads                  = 4                                         {product} {ergonomic}
   size_t G1HeapRegionSize                         = 1048576                                   {product} {ergonomic}
    uintx GCDrainStackTargetSize                   = 64                                        {product} {ergonomic}
   size_t InitialHeapSize                          = 58720256                                  {product} {ergonomic}
   size_t MarkStackSize                            = 4194304                                   {product} {ergonomic}
   size_t MaxHeapSize                              = 924844032                                 {product} {ergonomic}
   size_t MaxNewSize                               = 554696704                                 {product} {ergonomic}
   size_t MinHeapDeltaBytes                        = 1048576                                   {product} {ergonomic}
   size_t MinHeapSize                              = 8388608                                   {product} {ergonomic}
    uintx NonNMethodCodeHeapSize                   = 5832780                                {pd product} {ergonomic}
    uintx NonProfiledCodeHeapSize                  = 122912730                              {pd product} {ergonomic}
    uintx ProfiledCodeHeapSize                     = 122912730                              {pd product} {ergonomic}
    uintx ReservedCodeCacheSize                    = 251658240                              {pd product} {ergonomic}
     bool SegmentedCodeCache                       = true                                      {product} {ergonomic}
     bool ShowCodeDetailsInExceptionMessages       = true                                   {manageable} {command line}
   size_t SoftMaxHeapSize                          = 924844032                              {manageable} {ergonomic}
     bool UseCompressedClassPointers               = true                           {product lp64_product} {ergonomic}
     bool UseCompressedOops                        = true                           {product lp64_product} {ergonomic}
     bool UseG1GC                                  = true                                      {product} {ergonomic}
     bool UseLargePagesIndividualAllocation        = false                                  {pd product} {ergonomic}

Logging:
Log output configuration:
 #0: stdout all=warning uptime,level,tags
 #1: stderr all=off uptime,level,tags

Environment Variables:
JAVA_HOME=C:\Program Files\Eclipse Adoptium\jre-8.0.345.1-hotspot\
PATH=R:/spring-tool-suite-4-4.16.0.RELEASE-e4.25.0-win32.win32.x86_64.self-extracting/sts-4.16.0.RELEASE//plugins/org.eclipse.justj.openjdk.hotspot.jre.full.win32.x86_64_17.0.4.v20220903-1038/jre/bin/server;R:/spring-tool-suite-4-4.16.0.RELEASE-e4.25.0-win32.win32.x86_64.self-extracting/sts-4.16.0.RELEASE//plugins/org.eclipse.justj.openjdk.hotspot.jre.full.win32.x86_64_17.0.4.v20220903-1038/jre/bin;C:\Program Files\Eclipse Adoptium\jre-8.0.345.1-hotspot\bin;C:\Program Files (x86)\Common Files\Oracle\Java\javapath;C:\WINDOWS\system32;C:\WINDOWS;C:\WINDOWS\System32\Wbem;C:\WINDOWS\System32\WindowsPowerShell\v1.0\;C:\WINDOWS\System32\OpenSSH\;R:\sofwares\apache-maven-3.8.5-bin\apache-maven-3.8.5\bin;C:\Program Files\Git\cmd;C:\Program Files\MySQL\MySQL Shell 8.0\bin\;C:\Users\rosha\AppData\Local\Microsoft\WindowsApps;;R:\spring-tool-suite-4-4.16.0.RELEASE-e4.25.0-win32.win32.x86_64.self-extracting\sts-4.16.0.RELEASE;
USERNAME=rosha
OS=Windows_NT
PROCESSOR_IDENTIFIER=AMD64 Family 23 Model 24 Stepping 1, AuthenticAMD
TMP=C:\Users\rosha\AppData\Local\Temp
TEMP=C:\Users\rosha\AppData\Local\Temp



---------------  S Y S T E M  ---------------

OS:
 Windows 11 , 64 bit Build 22621 (10.0.22621.746)
OS uptime: 4 days 7:09 hours
Hyper-V role detected

CPU: total 4 (initial active 4) (4 cores per cpu, 2 threads per core) family 23 model 24 stepping 1 microcode 0x0, cx8, cmov, fxsr, ht, mmx, 3dnowpref, sse, sse2, sse3, ssse3, sse4a, sse4.1, sse4.2, popcnt, lzcnt, tsc, tscinvbit, avx, avx2, aes, clmul, bmi1, bmi2, adx, sha, fma, vzeroupper, clflush, clflushopt, hv

Memory: 4k page, system-wide physical 3521M (235M free)
TotalPageFile size 14273M (AvailPageFile size 26M)
current process WorkingSet (physical memory assigned to process): 195M, peak: 196M
current process commit charge ("private bytes"): 243M, peak: 244M

vm_info: OpenJDK 64-Bit Server VM (17.0.4.1+1) for windows-amd64 JRE (17.0.4.1+1), built on Aug 17 2022 07:42:43 by "temurin" with MS VC++ 16.7 (VS2019)

END.
