#
# There is insufficient memory for the Java Runtime Environment to continue.
# Native memory allocation (malloc) failed to allocate 43184 bytes for Chunk::new
# Possible reasons:
#   The system is out of physical RAM or swap space
#   The process is running with CompressedOops enabled, and the Java Heap may be blocking the growth of the native heap
# Possible solutions:
#   Reduce memory load on the system
#   Increase physical memory or swap space
#   Check if swap backing store is full
#   Decrease Java heap size (-Xmx/-Xms)
#   Decrease number of Java threads
#   Decrease Java thread stack sizes (-Xss)
#   Set larger code cache with -XX:ReservedCodeCacheSize=
#   JVM is running with Unscaled Compressed Oops mode in which the Java heap is
#     placed in the first 4GB address space. The Java Heap base address is the
#     maximum limit for the native heap growth. Please use -XX:HeapBaseMinAddress
#     to set the Java Heap base and to place the Java Heap above 4GB virtual address.
# This output file may be truncated or incomplete.
#
#  Out of Memory Error (arena.cpp:189), pid=2888, tid=14832
#
# JRE version: OpenJDK Runtime Environment Temurin-17.0.4.1+1 (17.0.4.1+1) (build 17.0.4.1+1)
# Java VM: OpenJDK 64-Bit Server VM Temurin-17.0.4.1+1 (17.0.4.1+1, mixed mode, emulated-client, tiered, compressed oops, compressed class ptrs, g1 gc, windows-amd64)
# No core dump will be written. Minidumps are not enabled by default on client versions of Windows
#

---------------  S U M M A R Y ------------

Command Line: -Dcom.sun.management.jmxremote -Dcom.sun.management.jmxremote.port=60660 -Dcom.sun.management.jmxremote.authenticate=false -Dcom.sun.management.jmxremote.ssl=false -Djava.rmi.server.hostname=localhost -Dspring.jmx.enabled=true -Dspring.application.admin.enabled=true -XX:TieredStopAtLevel=1 -Dspring.boot.project.name=growth -Dfile.encoding=UTF-8 -XX:+ShowCodeDetailsInExceptionMessages management_growth.GrowthApplication --spring.output.ansi.enabled=always

Host: AMD Ryzen 3 3250U with Radeon Graphics         , 4 cores, 3G,  Windows 11 , 64 bit Build 22621 (10.0.22621.746)
Time: Tue Oct 25 17:21:33 2022 India Standard Time elapsed time: 5.950949 seconds (0d 0h 0m 5s)

---------------  T H R E A D  ---------------

Current thread (0x0000027e8d362190):  JavaThread "Catalina-utility-2" [_thread_in_vm, id=14832, stack(0x000000c8d5700000,0x000000c8d5800000)]

Stack: [0x000000c8d5700000,0x000000c8d5800000]
Native frames: (J=compiled Java code, j=interpreted, Vv=VM code, C=native code)
V  [jvm.dll+0x67731a]
V  [jvm.dll+0x832284]
V  [jvm.dll+0x833a2e]
V  [jvm.dll+0x834093]
V  [jvm.dll+0x245775]
V  [jvm.dll+0xabd7b]
V  [jvm.dll+0xac30c]
V  [jvm.dll+0x1f253a]
V  [jvm.dll+0x1f1182]
V  [jvm.dll+0x7ac56b]
V  [jvm.dll+0x7ad912]
V  [jvm.dll+0x7adc48]
V  [jvm.dll+0x23db7e]
V  [jvm.dll+0x23ddcf]
V  [jvm.dll+0x559f88]
V  [jvm.dll+0x55ce37]
V  [jvm.dll+0x383307]
V  [jvm.dll+0x38295f]
C  0x0000027e836091cc

Java frames: (J=compiled Java code, j=interpreted, Vv=VM code)
j  java.util.concurrent.locks.AbstractQueuedSynchronizer$ConditionObject.await()V+105 java.base@17.0.4.1
j  java.util.concurrent.ScheduledThreadPoolExecutor$DelayedWorkQueue.take()Ljava/util/concurrent/RunnableScheduledFuture;+100 java.base@17.0.4.1
j  java.util.concurrent.ScheduledThreadPoolExecutor$DelayedWorkQueue.take()Ljava/lang/Object;+1 java.base@17.0.4.1
j  java.util.concurrent.ThreadPoolExecutor.getTask()Ljava/lang/Runnable;+147 java.base@17.0.4.1
j  java.util.concurrent.ThreadPoolExecutor.runWorker(Ljava/util/concurrent/ThreadPoolExecutor$Worker;)V+26 java.base@17.0.4.1
j  java.util.concurrent.ThreadPoolExecutor$Worker.run()V+5 java.base@17.0.4.1
j  org.apache.tomcat.util.threads.TaskThread$WrappingRunnable.run()V+4
j  java.lang.Thread.run()V+11 java.base@17.0.4.1
v  ~StubRoutines::call_stub

---------------  P R O C E S S  ---------------

Threads class SMR info:
_java_thread_list=0x0000027e8d3e88a0, length=22, elements={
0x0000027effb34c10, 0x0000027e8a6141f0, 0x0000027e8a614ab0, 0x0000027e8a630880,
0x0000027e8a660410, 0x0000027e8a660cd0, 0x0000027e8a663010, 0x0000027e8a677010,
0x0000027e8a682940, 0x0000027e8a5dc0d0, 0x0000027e8a5dc5a0, 0x0000027e8b182540,
0x0000027e8b8d31f0, 0x0000027e8b8c9240, 0x0000027e8b8c5ba0, 0x0000027e8b8c6830,
0x0000027e8b995cb0, 0x0000027e8b99fc90, 0x0000027e8b9e0150, 0x0000027e8d362b30,
0x0000027e8d362190, 0x0000027e8d360e50
}

Java Threads: ( => current thread )
  0x0000027effb34c10 JavaThread "main" [_thread_blocked, id=7080, stack(0x000000c8d3700000,0x000000c8d3800000)]
  0x0000027e8a6141f0 JavaThread "Reference Handler" daemon [_thread_blocked, id=15944, stack(0x000000c8d3e00000,0x000000c8d3f00000)]
  0x0000027e8a614ab0 JavaThread "Finalizer" daemon [_thread_blocked, id=5372, stack(0x000000c8d3f00000,0x000000c8d4000000)]
  0x0000027e8a630880 JavaThread "Signal Dispatcher" daemon [_thread_blocked, id=16988, stack(0x000000c8d4000000,0x000000c8d4100000)]
  0x0000027e8a660410 JavaThread "Attach Listener" daemon [_thread_blocked, id=4608, stack(0x000000c8d4100000,0x000000c8d4200000)]
  0x0000027e8a660cd0 JavaThread "Service Thread" daemon [_thread_blocked, id=16832, stack(0x000000c8d4200000,0x000000c8d4300000)]
  0x0000027e8a663010 JavaThread "Monitor Deflation Thread" daemon [_thread_blocked, id=1196, stack(0x000000c8d4300000,0x000000c8d4400000)]
  0x0000027e8a677010 JavaThread "C1 CompilerThread0" daemon [_thread_blocked, id=12984, stack(0x000000c8d4400000,0x000000c8d4500000)]
  0x0000027e8a682940 JavaThread "Sweeper thread" daemon [_thread_blocked, id=10660, stack(0x000000c8d4500000,0x000000c8d4600000)]
  0x0000027e8a5dc0d0 JavaThread "Common-Cleaner" daemon [_thread_blocked, id=7872, stack(0x000000c8d4600000,0x000000c8d4700000)]
  0x0000027e8a5dc5a0 JavaThread "C1 CompilerThread1" daemon [_thread_blocked, id=15132, stack(0x000000c8d4700000,0x000000c8d4800000)]
  0x0000027e8b182540 JavaThread "Notification Thread" daemon [_thread_blocked, id=696, stack(0x000000c8d4800000,0x000000c8d4900000)]
  0x0000027e8b8d31f0 JavaThread "RMI TCP Accept-0" daemon [_thread_in_native, id=17480, stack(0x000000c8d4900000,0x000000c8d4a00000)]
  0x0000027e8b8c9240 JavaThread "RMI TCP Accept-60660" daemon [_thread_in_native, id=14328, stack(0x000000c8d4a00000,0x000000c8d4b00000)]
  0x0000027e8b8c5ba0 JavaThread "RMI TCP Accept-0" daemon [_thread_in_native, id=224, stack(0x000000c8d4b00000,0x000000c8d4c00000)]
  0x0000027e8b8c6830 JavaThread "RMI TCP Connection(1)-127.0.0.1" daemon [_thread_in_native, id=19072, stack(0x000000c8d5200000,0x000000c8d5300000)]
  0x0000027e8b995cb0 JavaThread "RMI Scheduler(0)" daemon [_thread_blocked, id=5032, stack(0x000000c8d5300000,0x000000c8d5400000)]
  0x0000027e8b99fc90 JavaThread "RMI TCP Connection(2)-127.0.0.1" daemon [_thread_blocked, id=19412, stack(0x000000c8d5400000,0x000000c8d5500000)]
  0x0000027e8b9e0150 JavaThread "JMX server connection timeout 21" daemon [_thread_blocked, id=18448, stack(0x000000c8d5500000,0x000000c8d5600000)]
  0x0000027e8d362b30 JavaThread "Catalina-utility-1" [_thread_blocked, id=13940, stack(0x000000c8d5600000,0x000000c8d5700000)]
=>0x0000027e8d362190 JavaThread "Catalina-utility-2" [_thread_in_vm, id=14832, stack(0x000000c8d5700000,0x000000c8d5800000)]
  0x0000027e8d360e50 JavaThread "container-0" [_thread_blocked, id=8232, stack(0x000000c8d5800000,0x000000c8d5900000)]

Other Threads:
  0x0000027e8a643600 VMThread "VM Thread" [stack: 0x000000c8d3d00000,0x000000c8d3e00000] [id=5940] _threads_hazard_ptr=0x0000027e8d3e88a0
  0x0000027effb35990 WatcherThread [stack: 0x000000c8d4c00000,0x000000c8d4d00000] [id=19184]
  0x0000027effb6cb90 GCTaskThread "GC Thread#0" [stack: 0x000000c8d3800000,0x000000c8d3900000] [id=18888]
  0x0000027e8b96f0f0 GCTaskThread "GC Thread#1" [stack: 0x000000c8d4d00000,0x000000c8d4e00000] [id=12816]
  0x0000027e8b96f3a0 GCTaskThread "GC Thread#2" [stack: 0x000000c8d4e00000,0x000000c8d4f00000] [id=11492]
  0x0000027e8b96e0d0 GCTaskThread "GC Thread#3" [stack: 0x000000c8d4f00000,0x000000c8d5000000] [id=12712]
  0x0000027effb75120 ConcurrentGCThread "G1 Main Marker" [stack: 0x000000c8d3900000,0x000000c8d3a00000] [id=17596]
  0x0000027effb75ba0 ConcurrentGCThread "G1 Conc#0" [stack: 0x000000c8d3a00000,0x000000c8d3b00000] [id=10056]
  0x0000027effbb1730 ConcurrentGCThread "G1 Refine#0" [stack: 0x000000c8d3b00000,0x000000c8d3c00000] [id=11156]
  0x0000027e8b972a10 ConcurrentGCThread "G1 Refine#1" [stack: 0x000000c8d5000000,0x000000c8d5100000] [id=12492]
  0x0000027effb35c20 ConcurrentGCThread "G1 Refine#2" [stack: 0x000000c8d5100000,0x000000c8d5200000] [id=132]
  0x0000027effbb3f20 ConcurrentGCThread "G1 Service" [stack: 0x000000c8d3c00000,0x000000c8d3d00000] [id=19436]

Threads with active compile tasks:

VM state: synchronizing (normal execution)

VM Mutex/Monitor currently owned by a thread:  ([mutex/lock_event])
[0x0000027effb311e0] Threads_lock - owner thread: 0x0000027e8a643600
[0x0000027effb31ff0] Heap_lock - owner thread: 0x0000027effb75120

Heap address: 0x00000000c8e00000, size: 882 MB, Compressed Oops mode: 32-bit

CDS archive(s) not mapped
Compressed class space mapped at: 0x0000000100000000-0x0000000140000000, reserved size: 1073741824
Narrow klass base: 0x0000000000000000, Narrow klass shift: 3, Narrow klass range: 0x140000000

GC Precious Log:
 CPUs: 4 total, 4 available
 Memory: 3521M
 Large Page Support: Disabled
 NUMA Support: Disabled
 Compressed Oops: Enabled (32-bit)
 Heap Region Size: 1M
 Heap Min Capacity: 8M
 Heap Initial Capacity: 56M
 Heap Max Capacity: 882M
 Pre-touch: Disabled
 Parallel Workers: 4
 Concurrent Workers: 1
 Concurrent Refinement Workers: 4
 Periodic GC: Disabled

Heap:
 garbage-first heap   total 54272K, used 19371K [0x00000000c8e00000, 0x0000000100000000)
  region size 1024K, 2 young (2048K), 1 survivors (1024K)
 Metaspace       used 35910K, committed 36288K, reserved 1081344K
  class space    used 4527K, committed 4736K, reserved 1048576K

Heap Regions: E=young(eden), S=young(survivor), O=old, HS=humongous(starts), HC=humongous(continues), CS=collection set, F=free, OA=open archive, CA=closed archive, TAMS=top-at-mark-start (previous, next)
|   0|0x00000000c8e00000, 0x00000000c8f00000, 0x00000000c8f00000|100%|HS|  |TAMS 0x00000000c8f00000, 0x00000000c8f00000| Complete 
|   1|0x00000000c8f00000, 0x00000000c9000000, 0x00000000c9000000|100%| O|  |TAMS 0x00000000c9000000, 0x00000000c9000000| Untracked 
|   2|0x00000000c9000000, 0x00000000c9100000, 0x00000000c9100000|100%| O|  |TAMS 0x00000000c9100000, 0x00000000c9100000| Untracked 
|   3|0x00000000c9100000, 0x00000000c9200000, 0x00000000c9200000|100%| O|  |TAMS 0x00000000c9200000, 0x00000000c9200000| Untracked 
|   4|0x00000000c9200000, 0x00000000c9300000, 0x00000000c9300000|100%| O|  |TAMS 0x00000000c9300000, 0x00000000c9300000| Untracked 
|   5|0x00000000c9300000, 0x00000000c9400000, 0x00000000c9400000|100%| O|  |TAMS 0x00000000c9400000, 0x00000000c9400000| Untracked 
|   6|0x00000000c9400000, 0x00000000c9500000, 0x00000000c9500000|100%| O|  |TAMS 0x00000000c9500000, 0x00000000c9500000| Untracked 
|   7|0x00000000c9500000, 0x00000000c9600000, 0x00000000c9600000|100%| O|  |TAMS 0x00000000c95fb200, 0x00000000c9600000| Untracked 
|   8|0x00000000c9600000, 0x00000000c9700000, 0x00000000c9700000|100%| O|  |TAMS 0x00000000c9600000, 0x00000000c9700000| Untracked 
|   9|0x00000000c9700000, 0x00000000c972bc00, 0x00000000c9800000| 17%| O|  |TAMS 0x00000000c9700000, 0x00000000c972bc00| Untracked 
|  10|0x00000000c9800000, 0x00000000c9900000, 0x00000000c9900000|100%| O|  |TAMS 0x00000000c9800000, 0x00000000c9900000| Untracked 
|  11|0x00000000c9900000, 0x00000000c9a00000, 0x00000000c9a00000|100%| O|  |TAMS 0x00000000c9900000, 0x00000000c9a00000| Untracked 
|  12|0x00000000c9a00000, 0x00000000c9b00000, 0x00000000c9b00000|100%| O|  |TAMS 0x00000000c9a00000, 0x00000000c9b00000| Untracked 
|  13|0x00000000c9b00000, 0x00000000c9c00000, 0x00000000c9c00000|100%| O|  |TAMS 0x00000000c9b00000, 0x00000000c9c00000| Untracked 
|  14|0x00000000c9c00000, 0x00000000c9d00000, 0x00000000c9d00000|100%| O|  |TAMS 0x00000000c9c00000, 0x00000000c9cd0000| Untracked 
|  15|0x00000000c9d00000, 0x00000000c9e00000, 0x00000000c9e00000|100%| O|  |TAMS 0x00000000c9d00000, 0x00000000c9d00000| Untracked 
|  16|0x00000000c9e00000, 0x00000000c9f00000, 0x00000000c9f00000|100%| O|  |TAMS 0x00000000c9e00000, 0x00000000c9e00000| Untracked 
|  17|0x00000000c9f00000, 0x00000000ca000000, 0x00000000ca000000|100%| O|  |TAMS 0x00000000c9f00000, 0x00000000c9f00000| Untracked 
|  18|0x00000000ca000000, 0x00000000ca0fae00, 0x00000000ca100000| 97%| O|  |TAMS 0x00000000ca000000, 0x00000000ca000000| Untracked 
|  19|0x00000000ca100000, 0x00000000ca100000, 0x00000000ca200000|  0%| F|  |TAMS 0x00000000ca100000, 0x00000000ca100000| Untracked 
|  20|0x00000000ca200000, 0x00000000ca200000, 0x00000000ca300000|  0%| F|  |TAMS 0x00000000ca200000, 0x00000000ca200000| Untracked 
|  21|0x00000000ca300000, 0x00000000ca300000, 0x00000000ca400000|  0%| F|  |TAMS 0x00000000ca300000, 0x00000000ca300000| Untracked 
|  22|0x00000000ca400000, 0x00000000ca400000, 0x00000000ca500000|  0%| F|  |TAMS 0x00000000ca400000, 0x00000000ca400000| Untracked 
|  23|0x00000000ca500000, 0x00000000ca500000, 0x00000000ca600000|  0%| F|  |TAMS 0x00000000ca500000, 0x00000000ca500000| Untracked 
|  24|0x00000000ca600000, 0x00000000ca600000, 0x00000000ca700000|  0%| F|  |TAMS 0x00000000ca600000, 0x00000000ca600000| Untracked 
|  25|0x00000000ca700000, 0x00000000ca700000, 0x00000000ca800000|  0%| F|  |TAMS 0x00000000ca700000, 0x00000000ca700000| Untracked 
|  26|0x00000000ca800000, 0x00000000ca800000, 0x00000000ca900000|  0%| F|  |TAMS 0x00000000ca800000, 0x00000000ca800000| Untracked 
|  27|0x00000000ca900000, 0x00000000ca900000, 0x00000000caa00000|  0%| F|  |TAMS 0x00000000ca900000, 0x00000000ca900000| Untracked 
|  28|0x00000000caa00000, 0x00000000caa00000, 0x00000000cab00000|  0%| F|  |TAMS 0x00000000caa00000, 0x00000000caa00000| Untracked 
|  29|0x00000000cab00000, 0x00000000cab00000, 0x00000000cac00000|  0%| F|  |TAMS 0x00000000cab00000, 0x00000000cab00000| Untracked 
|  30|0x00000000cac00000, 0x00000000cac00000, 0x00000000cad00000|  0%| F|  |TAMS 0x00000000cac00000, 0x00000000cac00000| Untracked 
|  31|0x00000000cad00000, 0x00000000cad00000, 0x00000000cae00000|  0%| F|  |TAMS 0x00000000cad00000, 0x00000000cad00000| Untracked 
|  32|0x00000000cae00000, 0x00000000cae00000, 0x00000000caf00000|  0%| F|  |TAMS 0x00000000cae00000, 0x00000000cae00000| Untracked 
|  33|0x00000000caf00000, 0x00000000caf00000, 0x00000000cb000000|  0%| F|  |TAMS 0x00000000caf00000, 0x00000000caf00000| Untracked 
|  34|0x00000000cb000000, 0x00000000cb000000, 0x00000000cb100000|  0%| F|  |TAMS 0x00000000cb000000, 0x00000000cb000000| Untracked 
|  35|0x00000000cb100000, 0x00000000cb100000, 0x00000000cb200000|  0%| F|  |TAMS 0x00000000cb100000, 0x00000000cb100000| Untracked 
|  36|0x00000000cb200000, 0x00000000cb200000, 0x00000000cb300000|  0%| F|  |TAMS 0x00000000cb200000, 0x00000000cb200000| Untracked 
|  37|0x00000000cb300000, 0x00000000cb300000, 0x00000000cb400000|  0%| F|  |TAMS 0x00000000cb300000, 0x00000000cb300000| Untracked 
|  38|0x00000000cb400000, 0x00000000cb400000, 0x00000000cb500000|  0%| F|  |TAMS 0x00000000cb400000, 0x00000000cb400000| Untracked 
|  39|0x00000000cb500000, 0x00000000cb500000, 0x00000000cb600000|  0%| F|  |TAMS 0x00000000cb500000, 0x00000000cb500000| Untracked 
|  40|0x00000000cb600000, 0x00000000cb600000, 0x00000000cb700000|  0%| F|  |TAMS 0x00000000cb600000, 0x00000000cb600000| Untracked 
|  41|0x00000000cb700000, 0x00000000cb700000, 0x00000000cb800000|  0%| F|  |TAMS 0x00000000cb700000, 0x00000000cb700000| Untracked 
|  42|0x00000000cb800000, 0x00000000cb800000, 0x00000000cb900000|  0%| F|  |TAMS 0x00000000cb800000, 0x00000000cb800000| Untracked 
|  43|0x00000000cb900000, 0x00000000cb900000, 0x00000000cba00000|  0%| F|  |TAMS 0x00000000cb900000, 0x00000000cb900000| Untracked 
|  44|0x00000000cba00000, 0x00000000cba00000, 0x00000000cbb00000|  0%| F|  |TAMS 0x00000000cba00000, 0x00000000cba00000| Untracked 
|  45|0x00000000cbb00000, 0x00000000cbb00000, 0x00000000cbc00000|  0%| F|  |TAMS 0x00000000cbb00000, 0x00000000cbb00000| Untracked 
|  46|0x00000000cbc00000, 0x00000000cbc00000, 0x00000000cbd00000|  0%| F|  |TAMS 0x00000000cbc00000, 0x00000000cbc00000| Untracked 
|  47|0x00000000cbd00000, 0x00000000cbdc4530, 0x00000000cbe00000| 76%| S|CS|TAMS 0x00000000cbd00000, 0x00000000cbd00000| Complete 
|  48|0x00000000cbe00000, 0x00000000cbe00000, 0x00000000cbf00000|  0%| F|  |TAMS 0x00000000cbe00000, 0x00000000cbe00000| Untracked 
|  49|0x00000000cbf00000, 0x00000000cbf00000, 0x00000000cc000000|  0%| F|  |TAMS 0x00000000cbf00000, 0x00000000cbf00000| Untracked 
|  50|0x00000000cc000000, 0x00000000cc000000, 0x00000000cc100000|  0%| F|  |TAMS 0x00000000cc000000, 0x00000000cc000000| Untracked 
|  51|0x00000000cc100000, 0x00000000cc100000, 0x00000000cc200000|  0%| F|  |TAMS 0x00000000cc100000, 0x00000000cc100000| Untracked 
|  55|0x00000000cc500000, 0x00000000cc600000, 0x00000000cc600000|100%| E|  |TAMS 0x00000000cc500000, 0x00000000cc500000| Complete 

Card table byte_map: [0x0000027effbf0000,0x0000027effdb0000] _byte_map_base: 0x0000027eff5a9000

Marking Bits (Prev, Next): (CMBitMap*) 0x0000027effb6d0f0, (CMBitMap*) 0x0000027effb6d0b0
 Prev Bits: [0x0000027e873c0000, 0x0000027e88188000)
 Next Bits: [0x0000027e865f0000, 0x0000027e873b8000)

Polling page: 0x0000027eff2f0000

Metaspace:

Usage:
  Non-class:     30.65 MB used.
      Class:      4.42 MB used.
       Both:     35.07 MB used.

Virtual space:
  Non-class space:       32.00 MB reserved,      30.81 MB ( 96%) committed,  4 nodes.
      Class space:        1.00 GB reserved,       4.62 MB ( <1%) committed,  1 nodes.
             Both:        1.03 GB reserved,      35.44 MB (  3%) committed. 

Chunk freelists:
   Non-Class:  800.00 KB
       Class:  3.30 MB
        Both:  4.08 MB

MaxMetaspaceSize: unlimited
CompressedClassSpaceSize: 1.00 GB
Initial GC threshold: 21.00 MB
Current GC threshold: 35.56 MB
CDS: off
MetaspaceReclaimPolicy: balanced
 - commit_granule_bytes: 65536.
 - commit_granule_words: 8192.
 - virtual_space_node_default_size: 1048576.
 - enlarge_chunks_in_place: 1.
 - new_chunks_are_fully_committed: 0.
 - uncommit_free_chunks: 1.
 - use_allocation_guard: 0.
 - handle_deallocations: 1.


Internal statistics:

num_allocs_failed_limit: 8.
num_arena_births: 422.
num_arena_deaths: 0.
num_vsnodes_births: 5.
num_vsnodes_deaths: 0.
num_space_committed: 567.
num_space_uncommitted: 0.
num_chunks_returned_to_freelist: 8.
num_chunks_taken_from_freelist: 1389.
num_chunk_merges: 8.
num_chunk_splits: 924.
num_chunks_enlarged: 655.
num_purges: 0.
num_inconsistent_stats: 0.

CodeCache: size=49152Kb used=7653Kb max_used=7653Kb free=41499Kb
 bounds [0x0000027e835f0000, 0x0000027e83d70000, 0x0000027e865f0000]
 total_blobs=4226 nmethods=3735 adapters=417
 compilation: enabled
              stopped_count=0, restarted_count=0
 full_count=0

Compilation events (20 events):
Event: 5.860 Thread 0x0000027e8a5dc5a0 3723       1       com.fasterxml.jackson.databind.module.SimpleModule::_checkNotNull (26 bytes)
Event: 5.860 Thread 0x0000027e8a677010 3724       1       com.fasterxml.jackson.databind.type.ClassKey::hashCode (5 bytes)
Event: 5.860 Thread 0x0000027e8a677010 nmethod 3724 0x0000027e83d65510 code [0x0000027e83d656a0, 0x0000027e83d65778]
Event: 5.860 Thread 0x0000027e8a5dc5a0 nmethod 3723 0x0000027e83d65810 code [0x0000027e83d65a20, 0x0000027e83d65fb8]
Event: 5.873 Thread 0x0000027e8a5dc5a0 3725       1       org.springframework.core.ResolvableType::forMethodParameter (40 bytes)
Event: 5.873 Thread 0x0000027e8a5dc5a0 nmethod 3725 0x0000027e83d66210 code [0x0000027e83d66400, 0x0000027e83d66748]
Event: 5.897 Thread 0x0000027e8a5dc5a0 3726       1       java.nio.CharBuffer::limit (6 bytes)
Event: 5.897 Thread 0x0000027e8a677010 3727       1       java.nio.CharBuffer::limit (8 bytes)
Event: 5.897 Thread 0x0000027e8a677010 nmethod 3727 0x0000027e83d66990 code [0x0000027e83d66b20, 0x0000027e83d66c08]
Event: 5.897 Thread 0x0000027e8a5dc5a0 nmethod 3726 0x0000027e83d66c90 code [0x0000027e83d66e20, 0x0000027e83d66f08]
Event: 5.898 Thread 0x0000027e8a5dc5a0 3728       1       java.nio.CharBuffer::<init> (24 bytes)
Event: 5.899 Thread 0x0000027e8a5dc5a0 nmethod 3728 0x0000027e83d66f90 code [0x0000027e83d67120, 0x0000027e83d67268]
Event: 5.929 Thread 0x0000027e8a5dc5a0 3730       1       java.util.LinkedList::size (5 bytes)
Event: 5.929 Thread 0x0000027e8a677010 3731       1       java.util.LinkedList::add (7 bytes)
Event: 5.929 Thread 0x0000027e8a5dc5a0 nmethod 3730 0x0000027e83d67c10 code [0x0000027e83d67da0, 0x0000027e83d67e78]
Event: 5.929 Thread 0x0000027e8a677010 nmethod 3731 0x0000027e83d67f10 code [0x0000027e83d680a0, 0x0000027e83d68188]
Event: 5.929 Thread 0x0000027e8a5dc5a0 3732       1       java.util.LinkedList::linkLast (59 bytes)
Event: 5.929 Thread 0x0000027e8a677010 3733       1       java.util.LinkedList$Node::<init> (20 bytes)
Event: 5.929 Thread 0x0000027e8a677010 nmethod 3733 0x0000027e83d68210 code [0x0000027e83d683a0, 0x0000027e83d68578]
Event: 5.930 Thread 0x0000027e8a5dc5a0 nmethod 3732 0x0000027e83d68610 code [0x0000027e83d687c0, 0x0000027e83d68ad8]

GC Heap History (20 events):
Event: 1.535 GC heap before
{Heap before GC invocations=0 (full 0):
 garbage-first heap   total 57344K, used 13312K [0x00000000c8e00000, 0x0000000100000000)
  region size 1024K, 13 young (13312K), 0 survivors (0K)
 Metaspace       used 12425K, committed 12608K, reserved 1064960K
  class space    used 1264K, committed 1344K, reserved 1048576K
}
Event: 1.548 GC heap after
{Heap after GC invocations=1 (full 0):
 garbage-first heap   total 57344K, used 7702K [0x00000000c8e00000, 0x0000000100000000)
  region size 1024K, 2 young (2048K), 2 survivors (2048K)
 Metaspace       used 12425K, committed 12608K, reserved 1064960K
  class space    used 1264K, committed 1344K, reserved 1048576K
}
Event: 1.907 GC heap before
{Heap before GC invocations=1 (full 0):
 garbage-first heap   total 57344K, used 13846K [0x00000000c8e00000, 0x0000000100000000)
  region size 1024K, 9 young (9216K), 2 survivors (2048K)
 Metaspace       used 15191K, committed 15424K, reserved 1064960K
  class space    used 1606K, committed 1728K, reserved 1048576K
}
Event: 1.915 GC heap after
{Heap after GC invocations=2 (full 0):
 garbage-first heap   total 57344K, used 9390K [0x00000000c8e00000, 0x0000000100000000)
  region size 1024K, 2 young (2048K), 2 survivors (2048K)
 Metaspace       used 15191K, committed 15424K, reserved 1064960K
  class space    used 1606K, committed 1728K, reserved 1048576K
}
Event: 2.658 GC heap before
{Heap before GC invocations=2 (full 0):
 garbage-first heap   total 57344K, used 23726K [0x00000000c8e00000, 0x0000000100000000)
  region size 1024K, 17 young (17408K), 2 survivors (2048K)
 Metaspace       used 19216K, committed 19520K, reserved 1073152K
  class space    used 2218K, committed 2368K, reserved 1048576K
}
Event: 2.665 GC heap after
{Heap after GC invocations=3 (full 0):
 garbage-first heap   total 57344K, used 10795K [0x00000000c8e00000, 0x0000000100000000)
  region size 1024K, 3 young (3072K), 3 survivors (3072K)
 Metaspace       used 19216K, committed 19520K, reserved 1073152K
  class space    used 2218K, committed 2368K, reserved 1048576K
}
Event: 2.812 GC heap before
{Heap before GC invocations=3 (full 0):
 garbage-first heap   total 57344K, used 16939K [0x00000000c8e00000, 0x0000000100000000)
  region size 1024K, 11 young (11264K), 3 survivors (3072K)
 Metaspace       used 21306K, committed 21504K, reserved 1073152K
  class space    used 2458K, committed 2560K, reserved 1048576K
}
Event: 2.819 GC heap after
{Heap after GC invocations=4 (full 0):
 garbage-first heap   total 57344K, used 11162K [0x00000000c8e00000, 0x0000000100000000)
  region size 1024K, 2 young (2048K), 2 survivors (2048K)
 Metaspace       used 21306K, committed 21504K, reserved 1073152K
  class space    used 2458K, committed 2560K, reserved 1048576K
}
Event: 3.432 GC heap before
{Heap before GC invocations=5 (full 0):
 garbage-first heap   total 45056K, used 33690K [0x00000000c8e00000, 0x0000000100000000)
  region size 1024K, 26 young (26624K), 2 survivors (2048K)
 Metaspace       used 25656K, committed 25984K, reserved 1073152K
  class space    used 3060K, committed 3200K, reserved 1048576K
}
Event: 3.439 GC heap after
{Heap after GC invocations=6 (full 0):
 garbage-first heap   total 45056K, used 12110K [0x00000000c8e00000, 0x0000000100000000)
  region size 1024K, 3 young (3072K), 3 survivors (3072K)
 Metaspace       used 25656K, committed 25984K, reserved 1073152K
  class space    used 3060K, committed 3200K, reserved 1048576K
}
Event: 3.761 GC heap before
{Heap before GC invocations=6 (full 0):
 garbage-first heap   total 45056K, used 28494K [0x00000000c8e00000, 0x0000000100000000)
  region size 1024K, 20 young (20480K), 3 survivors (3072K)
 Metaspace       used 26652K, committed 26944K, reserved 1073152K
  class space    used 3176K, committed 3328K, reserved 1048576K
}
Event: 3.771 GC heap after
{Heap after GC invocations=7 (full 0):
 garbage-first heap   total 45056K, used 13627K [0x00000000c8e00000, 0x0000000100000000)
  region size 1024K, 3 young (3072K), 3 survivors (3072K)
 Metaspace       used 26652K, committed 26944K, reserved 1073152K
  class space    used 3176K, committed 3328K, reserved 1048576K
}
Event: 4.247 GC heap before
{Heap before GC invocations=7 (full 0):
 garbage-first heap   total 45056K, used 30011K [0x00000000c8e00000, 0x0000000100000000)
  region size 1024K, 19 young (19456K), 3 survivors (3072K)
 Metaspace       used 28017K, committed 28352K, reserved 1081344K
  class space    used 3398K, committed 3520K, reserved 1048576K
}
Event: 4.256 GC heap after
{Heap after GC invocations=8 (full 0):
 garbage-first heap   total 54272K, used 14321K [0x00000000c8e00000, 0x0000000100000000)
  region size 1024K, 3 young (3072K), 3 survivors (3072K)
 Metaspace       used 28017K, committed 28352K, reserved 1081344K
  class space    used 3398K, committed 3520K, reserved 1048576K
}
Event: 5.043 GC heap before
{Heap before GC invocations=8 (full 0):
 garbage-first heap   total 54272K, used 37873K [0x00000000c8e00000, 0x0000000100000000)
  region size 1024K, 26 young (26624K), 3 survivors (3072K)
 Metaspace       used 31383K, committed 31680K, reserved 1081344K
  class space    used 3910K, committed 4032K, reserved 1048576K
}
Event: 5.054 GC heap after
{Heap after GC invocations=9 (full 0):
 garbage-first heap   total 54272K, used 16110K [0x00000000c8e00000, 0x0000000100000000)
  region size 1024K, 4 young (4096K), 4 survivors (4096K)
 Metaspace       used 31383K, committed 31680K, reserved 1081344K
  class space    used 3910K, committed 4032K, reserved 1048576K
}
Event: 5.779 GC heap before
{Heap before GC invocations=9 (full 0):
 garbage-first heap   total 54272K, used 38638K [0x00000000c8e00000, 0x0000000100000000)
  region size 1024K, 27 young (27648K), 4 survivors (4096K)
 Metaspace       used 35329K, committed 35648K, reserved 1081344K
  class space    used 4439K, committed 4608K, reserved 1048576K
}
Event: 5.792 GC heap after
{Heap after GC invocations=10 (full 0):
 garbage-first heap   total 54272K, used 18415K [0x00000000c8e00000, 0x0000000100000000)
  region size 1024K, 4 young (4096K), 4 survivors (4096K)
 Metaspace       used 35329K, committed 35648K, reserved 1081344K
  class space    used 4439K, committed 4608K, reserved 1048576K
}
Event: 5.907 GC heap before
{Heap before GC invocations=10 (full 0):
 garbage-first heap   total 54272K, used 22511K [0x00000000c8e00000, 0x0000000100000000)
  region size 1024K, 9 young (9216K), 4 survivors (4096K)
 Metaspace       used 35785K, committed 36096K, reserved 1081344K
  class space    used 4506K, committed 4672K, reserved 1048576K
}
Event: 5.918 GC heap after
{Heap after GC invocations=11 (full 0):
 garbage-first heap   total 54272K, used 19371K [0x00000000c8e00000, 0x0000000100000000)
  region size 1024K, 1 young (1024K), 1 survivors (1024K)
 Metaspace       used 35785K, committed 36096K, reserved 1081344K
  class space    used 4506K, committed 4672K, reserved 1048576K
}

Deoptimization events (6 events):
Event: 2.928 Thread 0x0000027effb34c10 DEOPT PACKING pc=0x0000027e83a6d719 sp=0x000000c8d37fd380
Event: 2.928 Thread 0x0000027effb34c10 DEOPT UNPACKING pc=0x0000027e83642b43 sp=0x000000c8d37fc860 mode 3
Event: 4.527 Thread 0x0000027effb34c10 DEOPT PACKING pc=0x0000027e83b1ad94 sp=0x000000c8d37fd870
Event: 4.527 Thread 0x0000027effb34c10 DEOPT UNPACKING pc=0x0000027e83642b43 sp=0x000000c8d37fcdc8 mode 0
Event: 5.897 Thread 0x0000027effb34c10 DEOPT PACKING pc=0x0000027e83d3127d sp=0x000000c8d37fc7a0
Event: 5.897 Thread 0x0000027effb34c10 DEOPT UNPACKING pc=0x0000027e83642b43 sp=0x000000c8d37fbd08 mode 3

Classes unloaded (0 events):
No events

Classes redefined (0 events):
No events

Internal exceptions (20 events):
Event: 4.986 Thread 0x0000027effb34c10 Exception <a 'java/lang/ClassNotFoundException'{0x00000000cad582d0}: org/springframework/beans/factory/AwareCustomizer> (0x00000000cad582d0) 
thrown [s\src\hotspot\share\classfile\systemDictionary.cpp, line 256]
Event: 4.987 Thread 0x0000027effb34c10 Exception <a 'java/lang/ClassNotFoundException'{0x00000000cad5d720}: org/springframework/aop/framework/AopInfrastructureBeanCustomizer> (0x00000000cad5d720) 
thrown [s\src\hotspot\share\classfile\systemDictionary.cpp, line 256]
Event: 5.041 Thread 0x0000027effb34c10 Exception <a 'java/lang/ClassNotFoundException'{0x00000000cace7b10}: java/lang/ObjectCustomizer> (0x00000000cace7b10) 
thrown [s\src\hotspot\share\classfile\systemDictionary.cpp, line 256]
Event: 5.042 Thread 0x0000027effb34c10 Exception <a 'java/lang/ClassNotFoundException'{0x00000000cacf0e00}: org/springframework/transaction/annotation/AbstractTransactionManagementConfigurationCustomizer> (0x00000000cacf0e00) 
thrown [s\src\hotspot\share\classfile\systemDictionary.cpp, line 256]
Event: 5.042 Thread 0x0000027effb34c10 Exception <a 'java/lang/ClassNotFoundException'{0x00000000cacf91f0}: org/springframework/transaction/annotation/ProxyTransactionManagementConfigurationCustomizer> (0x00000000cacf91f0) 
thrown [s\src\hotspot\share\classfile\systemDictionary.cpp, line 256]
Event: 5.054 Thread 0x0000027effb34c10 Exception <a 'java/lang/ClassNotFoundException'{0x00000000cc502558}: org/springframework/context/annotation/ImportAwareCustomizer> (0x00000000cc502558) 
thrown [s\src\hotspot\share\classfile\systemDictionary.cpp, line 256]
Event: 5.055 Thread 0x0000027effb34c10 Exception <a 'java/lang/ClassNotFoundException'{0x00000000cc508778}: org/springframework/beans/factory/AwareCustomizer> (0x00000000cc508778) 
thrown [s\src\hotspot\share\classfile\systemDictionary.cpp, line 256]
Event: 5.168 Thread 0x0000027effb34c10 Exception <a 'java/lang/NoSuchMethodError'{0x00000000cbf20cc0}: 'int java.lang.invoke.DirectMethodHandle$Holder.invokeSpecial(java.lang.Object, java.lang.Object, java.lang.Object, java.lang.Object, java.lang.Object)'> (0x00000000cbf20cc0) 
thrown [s\src\hotspot\share\interpreter\linkResolver.cpp, line 759]
Event: 5.235 Thread 0x0000027effb34c10 Exception <a 'java/lang/NoSuchMethodError'{0x00000000cbee7108}: 'java.lang.Object java.lang.invoke.DirectMethodHandle$Holder.invokeStatic(java.lang.Object, java.lang.Object, int)'> (0x00000000cbee7108) 
thrown [s\src\hotspot\share\interpreter\linkResolver.cpp, line 759]
Event: 5.236 Thread 0x0000027effb34c10 Exception <a 'java/lang/NoSuchMethodError'{0x00000000cbef2aa8}: 'void java.lang.invoke.DelegatingMethodHandle$Holder.delegate(java.lang.Object, java.lang.Object, int, java.lang.Object)'> (0x00000000cbef2aa8) 
thrown [s\src\hotspot\share\interpreter\linkResolver.cpp, line 759]
Event: 5.264 Thread 0x0000027effb34c10 Exception <a 'java/lang/NoSuchMethodError'{0x00000000cbdeee60}: 'void java.lang.invoke.DirectMethodHandle$Holder.invokeInterface(java.lang.Object, java.lang.Object, int)'> (0x00000000cbdeee60) 
thrown [s\src\hotspot\share\interpreter\linkResolver.cpp, line 759]
Event: 5.267 Thread 0x0000027effb34c10 Exception <a 'java/lang/NoSuchMethodError'{0x00000000cbc09310}: 'int java.lang.invoke.DirectMethodHandle$Holder.invokeVirtual(java.lang.Object, java.lang.Object)'> (0x00000000cbc09310) 
thrown [s\src\hotspot\share\interpreter\linkResolver.cpp, line 759]
Event: 5.272 Thread 0x0000027effb34c10 Exception <a 'java/lang/IncompatibleClassChangeError'{0x00000000cbc48d20}: Found class java.lang.Object, but interface was expected> (0x00000000cbc48d20) 
thrown [s\src\hotspot\share\interpreter\linkResolver.cpp, line 826]
Event: 5.272 Thread 0x0000027effb34c10 Exception <a 'java/lang/NoSuchMethodError'{0x00000000cbc4dea8}: 'void java.lang.invoke.DirectMethodHandle$Holder.invokeStatic(java.lang.Object, int, java.lang.Object)'> (0x00000000cbc4dea8) 
thrown [s\src\hotspot\share\interpreter\linkResolver.cpp, line 759]
Event: 5.277 Thread 0x0000027effb34c10 Exception <a 'java/lang/NoSuchMethodError'{0x00000000cbc7d020}: 'int java.lang.invoke.DirectMethodHandle$Holder.invokeSpecial(java.lang.Object, java.lang.Object, int)'> (0x00000000cbc7d020) 
thrown [s\src\hotspot\share\interpreter\linkResolver.cpp, line 759]
Event: 5.468 Thread 0x0000027e8b99fc90 Exception <a 'java/lang/reflect/InvocationTargetException'{0x00000000cb56f588}> (0x00000000cb56f588) 
thrown [s\src\hotspot\share\runtime\reflection.cpp, line 1121]
Event: 5.794 Thread 0x0000027effb34c10 Exception <a 'java/io/FileNotFoundException'{0x00000000cc505630}> (0x00000000cc505630) 
thrown [s\src\hotspot\share\prims\jni.cpp, line 516]
Event: 5.836 Thread 0x0000027effb34c10 Exception <a 'java/lang/NoSuchMethodError'{0x00000000cc1faf68}: 'int java.lang.invoke.DirectMethodHandle$Holder.invokeInterface(java.lang.Object, java.lang.Object, java.lang.Object, java.lang.Object)'> (0x00000000cc1faf68) 
thrown [s\src\hotspot\share\interpreter\linkResolver.cpp, line 759]
Event: 5.907 Thread 0x0000027effb34c10 Exception <a 'java/lang/NoSuchMethodError'{0x00000000cbe15550}: 'long java.lang.invoke.DirectMethodHandle$Holder.invokeVirtual(java.lang.Object, java.lang.Object)'> (0x00000000cbe15550) 
thrown [s\src\hotspot\share\interpreter\linkResolver.cpp, line 759]
Event: 5.930 Thread 0x0000027effb34c10 Exception <a 'java/io/FileNotFoundException'{0x00000000cc52ef80}> (0x00000000cc52ef80) 
thrown [s\src\hotspot\share\prims\jni.cpp, line 516]

VM Operations (20 events):
Event: 5.343 Executing VM operation: HandshakeAllThreads
Event: 5.343 Executing VM operation: HandshakeAllThreads done
Event: 5.592 Executing VM operation: HandshakeAllThreads
Event: 5.592 Executing VM operation: HandshakeAllThreads done
Event: 5.690 Executing VM operation: HandshakeAllThreads
Event: 5.690 Executing VM operation: HandshakeAllThreads done
Event: 5.693 Executing VM operation: HandshakeAllThreads
Event: 5.693 Executing VM operation: HandshakeAllThreads done
Event: 5.745 Executing VM operation: HandshakeAllThreads
Event: 5.745 Executing VM operation: HandshakeAllThreads done
Event: 5.779 Executing VM operation: G1CollectForAllocation
Event: 5.792 Executing VM operation: G1CollectForAllocation done
Event: 5.867 Executing VM operation: HandshakeAllThreads
Event: 5.868 Executing VM operation: HandshakeAllThreads done
Event: 5.868 Executing VM operation: HandshakeAllThreads
Event: 5.868 Executing VM operation: HandshakeAllThreads done
Event: 5.907 Executing VM operation: CollectForMetadataAllocation
Event: 5.919 Executing VM operation: CollectForMetadataAllocation done
Event: 5.936 Executing VM operation: HandshakeAllThreads
Event: 5.936 Executing VM operation: HandshakeAllThreads done

Events (20 events):
Event: 5.767 loading class sun/security/provider/certpath/ldap/JdkLDAP$ProviderService done
Event: 5.767 loading class com/sun/security/sasl/Provider
Event: 5.767 loading class com/sun/security/sasl/Provider done
Event: 5.767 loading class com/sun/security/sasl/Provider$1
Event: 5.767 loading class com/sun/security/sasl/Provider$1 done
Event: 5.767 loading class com/sun/security/sasl/Provider$ProviderService
Event: 5.767 loading class com/sun/security/sasl/Provider$ProviderService done
Event: 5.770 loading class java/util/stream/Nodes$FixedNodeBuilder
Event: 5.770 loading class java/util/stream/Nodes$ArrayNode
Event: 5.771 loading class java/util/stream/Nodes$ArrayNode done
Event: 5.771 loading class java/util/stream/Nodes$FixedNodeBuilder done
Event: 5.874 loading class java/util/stream/SortedOps$SizedRefSortingSink
Event: 5.874 loading class java/util/stream/SortedOps$SizedRefSortingSink done
Event: 5.889 loading class java/io/EOFException
Event: 5.889 loading class java/io/EOFException done
Event: 5.906 loading class java/nio/channels/CompletionHandler
Event: 5.906 loading class java/nio/channels/CompletionHandler done
Event: 5.940 Thread 0x0000027e8d362b30 Thread added: 0x0000027e8d362b30
Event: 5.942 Thread 0x0000027e8d362190 Thread added: 0x0000027e8d362190
Event: 5.942 loading class java/util/concurrent/ForkJoinPool


Dynamic libraries:
0x00007ff7c6450000 - 0x00007ff7c645e000 	R:\spring-tool-suite-4-4.16.0.RELEASE-e4.25.0-win32.win32.x86_64.self-extracting\sts-4.16.0.RELEASE\plugins\org.eclipse.justj.openjdk.hotspot.jre.full.win32.x86_64_17.0.4.v20220903-1038\jre\bin\javaw.exe
0x00007ff9c8830000 - 0x00007ff9c8a44000 	C:\WINDOWS\SYSTEM32\ntdll.dll
0x00007ff9c7950000 - 0x00007ff9c7a12000 	C:\WINDOWS\System32\KERNEL32.DLL
0x00007ff9c5c60000 - 0x00007ff9c5ffd000 	C:\WINDOWS\System32\KERNELBASE.dll
0x00007ff9c6290000 - 0x00007ff9c63a1000 	C:\WINDOWS\System32\ucrtbase.dll
0x00007ff99c6a0000 - 0x00007ff99c6b8000 	R:\spring-tool-suite-4-4.16.0.RELEASE-e4.25.0-win32.win32.x86_64.self-extracting\sts-4.16.0.RELEASE\plugins\org.eclipse.justj.openjdk.hotspot.jre.full.win32.x86_64_17.0.4.v20220903-1038\jre\bin\jli.dll
0x00007ff9bbe70000 - 0x00007ff9bbe89000 	R:\spring-tool-suite-4-4.16.0.RELEASE-e4.25.0-win32.win32.x86_64.self-extracting\sts-4.16.0.RELEASE\plugins\org.eclipse.justj.openjdk.hotspot.jre.full.win32.x86_64_17.0.4.v20220903-1038\jre\bin\VCRUNTIME140.dll
0x00007ff9c7ca0000 - 0x00007ff9c7e4a000 	C:\WINDOWS\System32\USER32.dll
0x00007ff9c63b0000 - 0x00007ff9c63d6000 	C:\WINDOWS\System32\win32u.dll
0x00007ff9c86a0000 - 0x00007ff9c86c9000 	C:\WINDOWS\System32\GDI32.dll
0x00007ff9c6170000 - 0x00007ff9c6282000 	C:\WINDOWS\System32\gdi32full.dll
0x00007ff9acce0000 - 0x00007ff9acf6e000 	C:\WINDOWS\WinSxS\amd64_microsoft.windows.common-controls_6595b64144ccf1df_6.0.22621.436_none_a94247dbc10d8414\COMCTL32.dll
0x00007ff9c6590000 - 0x00007ff9c662a000 	C:\WINDOWS\System32\msvcp_win.dll
0x00007ff9c7a20000 - 0x00007ff9c7ac7000 	C:\WINDOWS\System32\msvcrt.dll
0x00007ff9c7e50000 - 0x00007ff9c7e82000 	C:\WINDOWS\System32\IMM32.DLL
0x00007ff9bc2b0000 - 0x00007ff9bc2bc000 	R:\spring-tool-suite-4-4.16.0.RELEASE-e4.25.0-win32.win32.x86_64.self-extracting\sts-4.16.0.RELEASE\plugins\org.eclipse.justj.openjdk.hotspot.jre.full.win32.x86_64_17.0.4.v20220903-1038\jre\bin\vcruntime140_1.dll
0x00007ff99a9b0000 - 0x00007ff99aa41000 	R:\spring-tool-suite-4-4.16.0.RELEASE-e4.25.0-win32.win32.x86_64.self-extracting\sts-4.16.0.RELEASE\plugins\org.eclipse.justj.openjdk.hotspot.jre.full.win32.x86_64_17.0.4.v20220903-1038\jre\bin\msvcp140.dll
0x00007ff937dd0000 - 0x00007ff938a16000 	R:\spring-tool-suite-4-4.16.0.RELEASE-e4.25.0-win32.win32.x86_64.self-extracting\sts-4.16.0.RELEASE\plugins\org.eclipse.justj.openjdk.hotspot.jre.full.win32.x86_64_17.0.4.v20220903-1038\jre\bin\server\jvm.dll
0x00007ff9c7be0000 - 0x00007ff9c7c8e000 	C:\WINDOWS\System32\ADVAPI32.dll
0x00007ff9c7b20000 - 0x00007ff9c7bc4000 	C:\WINDOWS\System32\sechost.dll
0x00007ff9c8510000 - 0x00007ff9c8625000 	C:\WINDOWS\System32\RPCRT4.dll
0x00007ff9c6ba0000 - 0x00007ff9c6ba8000 	C:\WINDOWS\System32\PSAPI.DLL
0x00007ff9bcd70000 - 0x00007ff9bcd7a000 	C:\WINDOWS\SYSTEM32\VERSION.dll
0x00007ff9c0910000 - 0x00007ff9c0919000 	C:\WINDOWS\SYSTEM32\WSOCK32.dll
0x00007ff9c7e90000 - 0x00007ff9c7f01000 	C:\WINDOWS\System32\WS2_32.dll
0x00007ff9bedf0000 - 0x00007ff9bee24000 	C:\WINDOWS\SYSTEM32\WINMM.dll
0x00007ff9c4ca0000 - 0x00007ff9c4cb8000 	C:\WINDOWS\SYSTEM32\kernel.appcore.dll
0x00007ff99dd70000 - 0x00007ff99dd7a000 	R:\spring-tool-suite-4-4.16.0.RELEASE-e4.25.0-win32.win32.x86_64.self-extracting\sts-4.16.0.RELEASE\plugins\org.eclipse.justj.openjdk.hotspot.jre.full.win32.x86_64_17.0.4.v20220903-1038\jre\bin\jimage.dll
0x00007ff9bd5d0000 - 0x00007ff9bd7fe000 	C:\WINDOWS\SYSTEM32\DBGHELP.DLL
0x00007ff9c67f0000 - 0x00007ff9c6b7a000 	C:\WINDOWS\System32\combase.dll
0x00007ff9c7760000 - 0x00007ff9c7837000 	C:\WINDOWS\System32\OLEAUT32.dll
0x00007ff9ad050000 - 0x00007ff9ad082000 	C:\WINDOWS\SYSTEM32\dbgcore.DLL
0x00007ff9c63e0000 - 0x00007ff9c645b000 	C:\WINDOWS\System32\bcryptPrimitives.dll
0x00007ff99c670000 - 0x00007ff99c695000 	R:\spring-tool-suite-4-4.16.0.RELEASE-e4.25.0-win32.win32.x86_64.self-extracting\sts-4.16.0.RELEASE\plugins\org.eclipse.justj.openjdk.hotspot.jre.full.win32.x86_64_17.0.4.v20220903-1038\jre\bin\java.dll
0x00007ff937db0000 - 0x00007ff937dc8000 	R:\spring-tool-suite-4-4.16.0.RELEASE-e4.25.0-win32.win32.x86_64.self-extracting\sts-4.16.0.RELEASE\plugins\org.eclipse.justj.openjdk.hotspot.jre.full.win32.x86_64_17.0.4.v20220903-1038\jre\bin\zip.dll
0x00007ff9c6de0000 - 0x00007ff9c75c0000 	C:\WINDOWS\System32\SHELL32.dll
0x00007ff9c3c50000 - 0x00007ff9c4515000 	C:\WINDOWS\SYSTEM32\windows.storage.dll
0x00007ff9c3b10000 - 0x00007ff9c3c4e000 	C:\WINDOWS\SYSTEM32\wintypes.dll
0x00007ff9c7840000 - 0x00007ff9c7931000 	C:\WINDOWS\System32\SHCORE.dll
0x00007ff9c6bb0000 - 0x00007ff9c6c0e000 	C:\WINDOWS\System32\shlwapi.dll
0x00007ff9c5b90000 - 0x00007ff9c5bb1000 	C:\WINDOWS\SYSTEM32\profapi.dll
0x00007ff9bc3b0000 - 0x00007ff9bc3c9000 	R:\spring-tool-suite-4-4.16.0.RELEASE-e4.25.0-win32.win32.x86_64.self-extracting\sts-4.16.0.RELEASE\plugins\org.eclipse.justj.openjdk.hotspot.jre.full.win32.x86_64_17.0.4.v20220903-1038\jre\bin\net.dll
0x00007ff9bb200000 - 0x00007ff9bb32f000 	C:\WINDOWS\SYSTEM32\WINHTTP.dll
0x00007ff9c5110000 - 0x00007ff9c5179000 	C:\WINDOWS\system32\mswsock.dll
0x00007ff9bc330000 - 0x00007ff9bc345000 	R:\spring-tool-suite-4-4.16.0.RELEASE-e4.25.0-win32.win32.x86_64.self-extracting\sts-4.16.0.RELEASE\plugins\org.eclipse.justj.openjdk.hotspot.jre.full.win32.x86_64_17.0.4.v20220903-1038\jre\bin\nio.dll
0x00007ff9bbc10000 - 0x00007ff9bbc19000 	R:\spring-tool-suite-4-4.16.0.RELEASE-e4.25.0-win32.win32.x86_64.self-extracting\sts-4.16.0.RELEASE\plugins\org.eclipse.justj.openjdk.hotspot.jre.full.win32.x86_64_17.0.4.v20220903-1038\jre\bin\management.dll
0x00007ff9b5f00000 - 0x00007ff9b5f0b000 	R:\spring-tool-suite-4-4.16.0.RELEASE-e4.25.0-win32.win32.x86_64.self-extracting\sts-4.16.0.RELEASE\plugins\org.eclipse.justj.openjdk.hotspot.jre.full.win32.x86_64_17.0.4.v20220903-1038\jre\bin\management_ext.dll
0x00007ff9a9060000 - 0x00007ff9a9077000 	C:\WINDOWS\system32\napinsp.dll
0x00007ff9a9040000 - 0x00007ff9a905b000 	C:\WINDOWS\system32\pnrpnsp.dll
0x00007ff9c47e0000 - 0x00007ff9c48d2000 	C:\WINDOWS\SYSTEM32\DNSAPI.dll
0x00007ff9c4770000 - 0x00007ff9c479d000 	C:\WINDOWS\SYSTEM32\IPHLPAPI.DLL
0x00007ff9c7bd0000 - 0x00007ff9c7bd9000 	C:\WINDOWS\System32\NSI.dll
0x00007ff9a8ea0000 - 0x00007ff9a8eb1000 	C:\WINDOWS\System32\winrnr.dll
0x00007ff9a8e80000 - 0x00007ff9a8e95000 	C:\WINDOWS\system32\wshbth.dll
0x00007ff9a8e00000 - 0x00007ff9a8e21000 	C:\WINDOWS\system32\nlansp_c.dll
0x00007ff9bcd30000 - 0x00007ff9bcd3a000 	C:\Windows\System32\rasadhlp.dll
0x00007ff9bc5d0000 - 0x00007ff9bc653000 	C:\WINDOWS\System32\fwpuclnt.dll
0x00007ff9c5370000 - 0x00007ff9c538b000 	C:\WINDOWS\SYSTEM32\CRYPTSP.dll
0x00007ff9c4c10000 - 0x00007ff9c4c45000 	C:\WINDOWS\system32\rsaenh.dll
0x00007ff9c5220000 - 0x00007ff9c5248000 	C:\WINDOWS\SYSTEM32\USERENV.dll
0x00007ff9c5530000 - 0x00007ff9c5558000 	C:\WINDOWS\SYSTEM32\bcrypt.dll
0x00007ff9c5390000 - 0x00007ff9c539c000 	C:\WINDOWS\SYSTEM32\CRYPTBASE.dll
0x00007ff9bb1a0000 - 0x00007ff9bb1b9000 	C:\WINDOWS\SYSTEM32\dhcpcsvc6.DLL
0x00007ff9bb180000 - 0x00007ff9bb19f000 	C:\WINDOWS\SYSTEM32\dhcpcsvc.DLL
0x00007ff9c2880000 - 0x00007ff9c2890000 	R:\spring-tool-suite-4-4.16.0.RELEASE-e4.25.0-win32.win32.x86_64.self-extracting\sts-4.16.0.RELEASE\plugins\org.eclipse.justj.openjdk.hotspot.jre.full.win32.x86_64_17.0.4.v20220903-1038\jre\bin\verify.dll
0x00007ff9bc3a0000 - 0x00007ff9bc3ae000 	R:\spring-tool-suite-4-4.16.0.RELEASE-e4.25.0-win32.win32.x86_64.self-extracting\sts-4.16.0.RELEASE\plugins\org.eclipse.justj.openjdk.hotspot.jre.full.win32.x86_64_17.0.4.v20220903-1038\jre\bin\sunmscapi.dll
0x00007ff9c6000000 - 0x00007ff9c6166000 	C:\WINDOWS\System32\CRYPT32.dll
0x00007ff9c5500000 - 0x00007ff9c552d000 	C:\WINDOWS\SYSTEM32\ncrypt.dll
0x00007ff9c54c0000 - 0x00007ff9c54f7000 	C:\WINDOWS\SYSTEM32\NTASN1.dll

dbghelp: loaded successfully - version: 4.0.5 - missing functions: none
symbol engine: initialized successfully - sym options: 0x614 - pdb path: .;R:\spring-tool-suite-4-4.16.0.RELEASE-e4.25.0-win32.win32.x86_64.self-extracting\sts-4.16.0.RELEASE\plugins\org.eclipse.justj.openjdk.hotspot.jre.full.win32.x86_64_17.0.4.v20220903-1038\jre\bin;C:\WINDOWS\SYSTEM32;C:\WINDOWS\WinSxS\amd64_microsoft.windows.common-controls_6595b64144ccf1df_6.0.22621.436_none_a94247dbc10d8414;R:\spring-tool-suite-4-4.16.0.RELEASE-e4.25.0-win32.win32.x86_64.self-extracting\sts-4.16.0.RELEASE\plugins\org.eclipse.justj.openjdk.hotspot.jre.full.win32.x86_64_17.0.4.v20220903-1038\jre\bin\server

VM Arguments:
jvm_args: -Dcom.sun.management.jmxremote -Dcom.sun.management.jmxremote.port=60660 -Dcom.sun.management.jmxremote.authenticate=false -Dcom.sun.management.jmxremote.ssl=false -Djava.rmi.server.hostname=localhost -Dspring.jmx.enabled=true -Dspring.application.admin.enabled=true -XX:TieredStopAtLevel=1 -Dspring.boot.project.name=growth -Dfile.encoding=UTF-8 -XX:+ShowCodeDetailsInExceptionMessages 
java_command: management_growth.GrowthApplication --spring.output.ansi.enabled=always
java_class_path (initial): R:\TestYantraPrl Pj\growth (1)\growth\target\classes;C:\Users\rosha\.m2\repository\org\springframework\boot\spring-boot-starter-data-jpa\2.7.5\spring-boot-starter-data-jpa-2.7.5.jar;C:\Users\rosha\.m2\repository\org\springframework\boot\spring-boot-starter-aop\2.7.5\spring-boot-starter-aop-2.7.5.jar;C:\Users\rosha\.m2\repository\org\springframework\boot\spring-boot-starter\2.7.5\spring-boot-starter-2.7.5.jar;C:\Users\rosha\.m2\repository\org\springframework\boot\spring-boot\2.7.5\spring-boot-2.7.5.jar;C:\Users\rosha\.m2\repository\org\springframework\spring-core\5.3.23\spring-core-5.3.23.jar;C:\Users\rosha\.m2\repository\org\springframework\spring-jcl\5.3.23\spring-jcl-5.3.23.jar;C:\Users\rosha\.m2\repository\org\springframework\spring-context\5.3.23\spring-context-5.3.23.jar;C:\Users\rosha\.m2\repository\org\springframework\spring-aop\5.3.23\spring-aop-5.3.23.jar;C:\Users\rosha\.m2\repository\org\springframework\spring-beans\5.3.23\spring-beans-5.3.23.jar;C:\Users\rosha\.m2\repository\org\springframework\spring-expression\5.3.23\spring-expression-5.3.23.jar;C:\Users\rosha\.m2\repository\org\springframework\boot\spring-boot-autoconfigure\2.7.5\spring-boot-autoconfigure-2.7.5.jar;C:\Users\rosha\.m2\repository\org\springframework\boot\spring-boot-starter-logging\2.7.5\spring-boot-starter-logging-2.7.5.jar;C:\Users\rosha\.m2\repository\ch\qos\logback\logback-classic\1.2.11\logback-classic-1.2.11.jar;C:\Users\rosha\.m2\repository\ch\qos\logback\logback-core\1.2.11\logback-core-1.2.11.jar;C:\Users\rosha\.m2\repository\org\slf4j\slf4j-api\1.7.36\slf4j-api-1.7.36.jar;C:\Users\rosha\.m2\repository\org\apache\logging\log4j\log4j-to-slf4j\2.17.2\log4j-to-slf4j-2.17.2.jar;C:\Users\rosha\.m2\repository\org\apache\logging\log4j\log4j-api\2.17.2\log4j-api-2.17.2.jar;C:\Users\rosha\.m2\repository\org\slf4j\jul-to-slf4j\1.7.36\jul-to-slf4j-1.7.36.jar;C:\Users\rosha\.m2\repository\jakarta\annotation\jakarta.annotation-api\1.3.5\jakarta.annotation-api-1.3
Launcher Type: SUN_STANDARD

[Global flags]
     intx CICompilerCount                          = 3                                         {product} {ergonomic}
     uint ConcGCThreads                            = 1                                         {product} {ergonomic}
     uint G1ConcRefinementThreads                  = 4                                         {product} {ergonomic}
   size_t G1HeapRegionSize                         = 1048576                                   {product} {ergonomic}
    uintx GCDrainStackTargetSize                   = 64                                        {product} {ergonomic}
   size_t InitialHeapSize                          = 58720256                                  {product} {ergonomic}
     bool ManagementServer                         = true                                      {product} {command line}
   size_t MarkStackSize                            = 4194304                                   {product} {ergonomic}
   size_t MaxHeapSize                              = 924844032                                 {product} {ergonomic}
   size_t MaxNewSize                               = 554696704                                 {product} {ergonomic}
   size_t MinHeapDeltaBytes                        = 1048576                                   {product} {ergonomic}
   size_t MinHeapSize                              = 8388608                                   {product} {ergonomic}
    uintx NonProfiledCodeHeapSize                  = 0                                      {pd product} {ergonomic}
     bool ProfileInterpreter                       = false                                  {pd product} {command line}
    uintx ProfiledCodeHeapSize                     = 0                                      {pd product} {ergonomic}
     bool ShowCodeDetailsInExceptionMessages       = true                                   {manageable} {command line}
   size_t SoftMaxHeapSize                          = 924844032                              {manageable} {ergonomic}
     intx TieredStopAtLevel                        = 1                                         {product} {command line}
     bool UseCompressedClassPointers               = true                           {product lp64_product} {ergonomic}
     bool UseCompressedOops                        = true                           {product lp64_product} {ergonomic}
     bool UseG1GC                                  = true                                      {product} {ergonomic}
     bool UseLargePagesIndividualAllocation        = false                                  {pd product} {ergonomic}

Logging:
Log output configuration:
 #0: stdout all=warning uptime,level,tags
 #1: stderr all=off uptime,level,tags

Environment Variables:
JAVA_HOME=C:\Program Files\Eclipse Adoptium\jre-8.0.345.1-hotspot\
PATH=R:/spring-tool-suite-4-4.16.0.RELEASE-e4.25.0-win32.win32.x86_64.self-extracting/sts-4.16.0.RELEASE//plugins/org.eclipse.justj.openjdk.hotspot.jre.full.win32.x86_64_17.0.4.v20220903-1038/jre/bin/server;R:/spring-tool-suite-4-4.16.0.RELEASE-e4.25.0-win32.win32.x86_64.self-extracting/sts-4.16.0.RELEASE//plugins/org.eclipse.justj.openjdk.hotspot.jre.full.win32.x86_64_17.0.4.v20220903-1038/jre/bin;C:\Program Files\Eclipse Adoptium\jre-8.0.345.1-hotspot\bin;C:\Program Files (x86)\Common Files\Oracle\Java\javapath;C:\WINDOWS\system32;C:\WINDOWS;C:\WINDOWS\System32\Wbem;C:\WINDOWS\System32\WindowsPowerShell\v1.0\;C:\WINDOWS\System32\OpenSSH\;R:\sofwares\apache-maven-3.8.5-bin\apache-maven-3.8.5\bin;C:\Program Files\Git\cmd;C:\Program Files\MySQL\MySQL Shell 8.0\bin\;C:\Users\rosha\AppData\Local\Microsoft\WindowsApps;;R:\spring-tool-suite-4-4.16.0.RELEASE-e4.25.0-win32.win32.x86_64.self-extracting\sts-4.16.0.RELEASE;
USERNAME=rosha
OS=Windows_NT
PROCESSOR_IDENTIFIER=AMD64 Family 23 Model 24 Stepping 1, AuthenticAMD
TMP=C:\Users\rosha\AppData\Local\Temp
TEMP=C:\Users\rosha\AppData\Local\Temp



---------------  S Y S T E M  ---------------

OS:
 Windows 11 , 64 bit Build 22621 (10.0.22621.746)
OS uptime: 4 days 7:37 hours
Hyper-V role detected

CPU: total 4 (initial active 4) (4 cores per cpu, 2 threads per core) family 23 model 24 stepping 1 microcode 0x0, cx8, cmov, fxsr, ht, mmx, 3dnowpref, sse, sse2, sse3, ssse3, sse4a, sse4.1, sse4.2, popcnt, lzcnt, tsc, tscinvbit, avx, avx2, aes, clmul, bmi1, bmi2, adx, sha, fma, vzeroupper, clflush, clflushopt, hv

Memory: 4k page, system-wide physical 3521M (227M free)
TotalPageFile size 14273M (AvailPageFile size 3M)
current process WorkingSet (physical memory assigned to process): 143M, peak: 143M
current process commit charge ("private bytes"): 170M, peak: 170M

vm_info: OpenJDK 64-Bit Server VM (17.0.4.1+1) for windows-amd64 JRE (17.0.4.1+1), built on Aug 17 2022 07:42:43 by "temurin" with MS VC++ 16.7 (VS2019)

END.
